<?xml version="1.0" encoding="utf-8"?>
<CoverageSession xmlns:xsi="http://www.w3.org/2001/XMLSchema-instance" xmlns:xsd="http://www.w3.org/2001/XMLSchema">
  <Summary numSequencePoints="381" visitedSequencePoints="381" numBranchPoints="48" visitedBranchPoints="48" sequenceCoverage="100" branchCoverage="100" maxCyclomaticComplexity="1" minCyclomaticComplexity="1" visitedClasses="1" numClasses="1" visitedMethods="48" numMethods="48" />
  <Modules>
    <Module skippedDueTo="Filter" hash="12-B8-EB-F9-DA-3C-2C-D4-1C-3B-B8-9F-2D-2B-59-A1-80-37-12-DC">
      <ModulePath>C:\WINDOWS\Microsoft.Net\assembly\GAC_32\mscorlib\v4.0_4.0.0.0__b77a5c561934e089\mscorlib.dll</ModulePath>
      <ModuleTime>2017-09-02T01:45:23.0811378Z</ModuleTime>
      <ModuleName>mscorlib</ModuleName>
      <Classes />
    </Module>
    <Module skippedDueTo="Filter" hash="73-2C-23-38-69-24-C6-47-B0-15-58-8D-B3-63-F3-64-AC-79-40-D5">
      <ModulePath>C:\SoftwareProjects\MutableTuple\packages\NUnit.ConsoleRunner.3.7.0\tools\nunit3-console.exe</ModulePath>
      <ModuleTime>2017-07-14T00:33:20Z</ModuleTime>
      <ModuleName>nunit3-console</ModuleName>
      <Classes />
    </Module>
    <Module skippedDueTo="Filter" hash="C8-98-52-CA-D9-96-CD-B5-71-37-87-EA-05-74-30-8B-36-C3-4A-5C">
      <ModulePath>C:\WINDOWS\Microsoft.Net\assembly\GAC_MSIL\System\v4.0_4.0.0.0__b77a5c561934e089\System.dll</ModulePath>
      <ModuleTime>2017-09-02T01:45:23.8311991Z</ModuleTime>
      <ModuleName>System</ModuleName>
      <Classes />
    </Module>
    <Module skippedDueTo="Filter" hash="4D-3A-F8-21-37-BF-6C-40-07-B1-F2-B3-C1-40-95-02-8B-29-D6-BF">
      <ModulePath>C:\SoftwareProjects\MutableTuple\packages\NUnit.ConsoleRunner.3.7.0\tools\nunit.engine.api.dll</ModulePath>
      <ModuleTime>2017-07-14T00:33:20Z</ModuleTime>
      <ModuleName>nunit.engine.api</ModuleName>
      <Classes />
    </Module>
    <Module skippedDueTo="Filter" hash="78-8A-37-55-1D-1C-A6-13-69-DB-A2-FA-8C-58-E6-62-DB-70-B5-E7">
      <ModulePath>C:\SoftwareProjects\MutableTuple\packages\NUnit.ConsoleRunner.3.7.0\tools\nunit.engine.dll</ModulePath>
      <ModuleTime>2017-07-14T00:33:20Z</ModuleTime>
      <ModuleName>nunit.engine</ModuleName>
      <Classes />
    </Module>
    <Module skippedDueTo="Filter" hash="78-8A-37-55-1D-1C-A6-13-69-DB-A2-FA-8C-58-E6-62-DB-70-B5-E7">
      <ModulePath>C:\SoftwareProjects\MutableTuple\packages\NUnit.ConsoleRunner.3.7.0\tools\nunit.engine.dll</ModulePath>
      <ModuleTime>2017-07-14T00:33:20Z</ModuleTime>
      <ModuleName>nunit.engine</ModuleName>
      <Classes />
    </Module>
    <Module skippedDueTo="Filter" hash="21-E4-90-B5-42-20-26-BA-49-19-94-C3-CA-93-44-7B-60-08-D7-1C">
      <ModulePath>C:\WINDOWS\Microsoft.Net\assembly\GAC_MSIL\System.Xml\v4.0_4.0.0.0__b77a5c561934e089\System.Xml.dll</ModulePath>
      <ModuleTime>2017-08-19T06:36:26.0223527Z</ModuleTime>
      <ModuleName>System.Xml</ModuleName>
      <Classes />
    </Module>
    <Module skippedDueTo="Filter" hash="3A-E5-77-94-EF-5D-E5-EB-C9-13-FE-9C-D6-5E-50-41-19-4F-33-96">
      <ModulePath>C:\WINDOWS\Microsoft.Net\assembly\GAC_32\System.Web\v4.0_4.0.0.0__b03f5f7f11d50a3a\System.Web.dll</ModulePath>
      <ModuleTime>2017-09-02T01:45:24.1906023Z</ModuleTime>
      <ModuleName>System.Web</ModuleName>
      <Classes />
    </Module>
    <Module skippedDueTo="Filter" hash="8A-2E-8F-D6-9D-39-02-4A-2F-30-FC-06-42-F7-0F-A8-32-69-07-72">
      <ModulePath>C:\SoftwareProjects\MutableTuple\packages\NUnit.ConsoleRunner.3.7.0\tools\Mono.Cecil.dll</ModulePath>
      <ModuleTime>2017-07-14T00:33:20Z</ModuleTime>
      <ModuleName>Mono.Cecil</ModuleName>
      <Classes />
    </Module>
    <Module skippedDueTo="Filter" hash="29-58-E1-EB-D3-F6-52-F3-E3-5D-C7-92-48-68-FA-2A-6C-78-BA-3B">
      <ModulePath>C:\WINDOWS\Microsoft.Net\assembly\GAC_MSIL\System.Runtime.Remoting\v4.0_4.0.0.0__b77a5c561934e089\System.Runtime.Remoting.dll</ModulePath>
      <ModuleTime>2017-09-05T01:21:18.3472968Z</ModuleTime>
      <ModuleName>System.Runtime.Remoting</ModuleName>
      <Classes />
    </Module>
    <Module skippedDueTo="Filter" hash="0C-91-60-C5-26-07-2E-2E-54-A1-8A-32-86-67-C5-B4-A5-93-05-F9">
      <ModulePath>C:\WINDOWS\Microsoft.Net\assembly\GAC_MSIL\System.Configuration\v4.0_4.0.0.0__b03f5f7f11d50a3a\System.Configuration.dll</ModulePath>
      <ModuleTime>2017-03-18T18:20:09.7368092Z</ModuleTime>
      <ModuleName>System.Configuration</ModuleName>
      <Classes />
    </Module>
    <Module skippedDueTo="Filter" hash="12-B8-EB-F9-DA-3C-2C-D4-1C-3B-B8-9F-2D-2B-59-A1-80-37-12-DC">
      <ModulePath>C:\WINDOWS\Microsoft.Net\assembly\GAC_32\mscorlib\v4.0_4.0.0.0__b77a5c561934e089\mscorlib.dll</ModulePath>
      <ModuleTime>2017-09-02T01:45:23.0811378Z</ModuleTime>
      <ModuleName>mscorlib</ModuleName>
      <Classes />
    </Module>
    <Module skippedDueTo="Filter" hash="F5-B4-D0-7A-07-D3-FB-8D-44-18-EB-94-5A-2A-C5-32-D7-96-48-25">
      <ModulePath>C:\SoftwareProjects\MutableTuple\packages\NUnit.ConsoleRunner.3.7.0\tools\nunit-agent.exe</ModulePath>
      <ModuleTime>2017-07-14T00:33:20Z</ModuleTime>
      <ModuleName>nunit-agent</ModuleName>
      <Classes />
    </Module>
    <Module skippedDueTo="Filter" hash="78-8A-37-55-1D-1C-A6-13-69-DB-A2-FA-8C-58-E6-62-DB-70-B5-E7">
      <ModulePath>C:\SoftwareProjects\MutableTuple\packages\NUnit.ConsoleRunner.3.7.0\tools\nunit.engine.dll</ModulePath>
      <ModuleTime>2017-07-14T00:33:20Z</ModuleTime>
      <ModuleName>nunit.engine</ModuleName>
      <Classes />
    </Module>
    <Module skippedDueTo="Filter" hash="4D-3A-F8-21-37-BF-6C-40-07-B1-F2-B3-C1-40-95-02-8B-29-D6-BF">
      <ModulePath>C:\SoftwareProjects\MutableTuple\packages\NUnit.ConsoleRunner.3.7.0\tools\nunit.engine.api.dll</ModulePath>
      <ModuleTime>2017-07-14T00:33:20Z</ModuleTime>
      <ModuleName>nunit.engine.api</ModuleName>
      <Classes />
    </Module>
    <Module skippedDueTo="Filter" hash="C8-98-52-CA-D9-96-CD-B5-71-37-87-EA-05-74-30-8B-36-C3-4A-5C">
      <ModulePath>C:\WINDOWS\Microsoft.Net\assembly\GAC_MSIL\System\v4.0_4.0.0.0__b77a5c561934e089\System.dll</ModulePath>
      <ModuleTime>2017-09-02T01:45:23.8311991Z</ModuleTime>
      <ModuleName>System</ModuleName>
      <Classes />
    </Module>
    <Module skippedDueTo="Filter" hash="21-E4-90-B5-42-20-26-BA-49-19-94-C3-CA-93-44-7B-60-08-D7-1C">
      <ModulePath>C:\WINDOWS\Microsoft.Net\assembly\GAC_MSIL\System.Xml\v4.0_4.0.0.0__b77a5c561934e089\System.Xml.dll</ModulePath>
      <ModuleTime>2017-08-19T06:36:26.0223527Z</ModuleTime>
      <ModuleName>System.Xml</ModuleName>
      <Classes />
    </Module>
    <Module skippedDueTo="Filter" hash="3A-E5-77-94-EF-5D-E5-EB-C9-13-FE-9C-D6-5E-50-41-19-4F-33-96">
      <ModulePath>C:\WINDOWS\Microsoft.Net\assembly\GAC_32\System.Web\v4.0_4.0.0.0__b03f5f7f11d50a3a\System.Web.dll</ModulePath>
      <ModuleTime>2017-09-02T01:45:24.1906023Z</ModuleTime>
      <ModuleName>System.Web</ModuleName>
      <Classes />
    </Module>
    <Module skippedDueTo="Filter" hash="8A-2E-8F-D6-9D-39-02-4A-2F-30-FC-06-42-F7-0F-A8-32-69-07-72">
      <ModulePath>C:\SoftwareProjects\MutableTuple\packages\NUnit.ConsoleRunner.3.7.0\tools\Mono.Cecil.dll</ModulePath>
      <ModuleTime>2017-07-14T00:33:20Z</ModuleTime>
      <ModuleName>Mono.Cecil</ModuleName>
      <Classes />
    </Module>
    <Module skippedDueTo="Filter" hash="29-58-E1-EB-D3-F6-52-F3-E3-5D-C7-92-48-68-FA-2A-6C-78-BA-3B">
      <ModulePath>C:\WINDOWS\Microsoft.Net\assembly\GAC_MSIL\System.Runtime.Remoting\v4.0_4.0.0.0__b77a5c561934e089\System.Runtime.Remoting.dll</ModulePath>
      <ModuleTime>2017-09-05T01:21:18.3472968Z</ModuleTime>
      <ModuleName>System.Runtime.Remoting</ModuleName>
      <Classes />
    </Module>
    <Module skippedDueTo="Filter" hash="0C-91-60-C5-26-07-2E-2E-54-A1-8A-32-86-67-C5-B4-A5-93-05-F9">
      <ModulePath>C:\WINDOWS\Microsoft.Net\assembly\GAC_MSIL\System.Configuration\v4.0_4.0.0.0__b03f5f7f11d50a3a\System.Configuration.dll</ModulePath>
      <ModuleTime>2017-03-18T18:20:09.7368092Z</ModuleTime>
      <ModuleName>System.Configuration</ModuleName>
      <Classes />
    </Module>
    <Module skippedDueTo="Filter" hash="46-8F-73-28-B5-95-50-DA-6E-FF-25-AE-F6-51-AB-FE-4C-9F-AE-E2">
      <ModulePath>C:\SoftwareProjects\MutableTuple\MutableTupleTests\bin\Debug\nunit.framework.dll</ModulePath>
      <ModuleTime>2017-08-29T01:09:36Z</ModuleTime>
      <ModuleName>nunit.framework</ModuleName>
      <Classes />
    </Module>
    <Module skippedDueTo="Filter" hash="C8-98-52-CA-D9-96-CD-B5-71-37-87-EA-05-74-30-8B-36-C3-4A-5C">
      <ModulePath>C:\WINDOWS\Microsoft.Net\assembly\GAC_MSIL\System\v4.0_4.0.0.0__b77a5c561934e089\System.dll</ModulePath>
      <ModuleTime>2017-09-02T01:45:23.8311991Z</ModuleTime>
      <ModuleName>System</ModuleName>
      <Classes />
    </Module>
    <Module skippedDueTo="Filter" hash="EC-C8-73-33-83-EB-E9-33-AC-FD-CC-8D-E1-9C-57-8F-47-55-09-A9">
      <ModulePath>C:\WINDOWS\Microsoft.Net\assembly\GAC_MSIL\System.Core\v4.0_4.0.0.0__b77a5c561934e089\System.Core.dll</ModulePath>
      <ModuleTime>2017-08-19T06:36:23.9442291Z</ModuleTime>
      <ModuleName>System.Core</ModuleName>
      <Classes />
    </Module>
    <Module skippedDueTo="Filter" hash="78-8A-37-55-1D-1C-A6-13-69-DB-A2-FA-8C-58-E6-62-DB-70-B5-E7">
      <ModulePath>C:\SoftwareProjects\MutableTuple\MutableTupleTests\bin\Debug\nunit.engine.dll</ModulePath>
      <ModuleTime>2017-07-19T17:08:38Z</ModuleTime>
      <ModuleName>nunit.engine</ModuleName>
      <Classes />
    </Module>
    <Module skippedDueTo="Filter" hash="3A-E5-77-94-EF-5D-E5-EB-C9-13-FE-9C-D6-5E-50-41-19-4F-33-96">
      <ModulePath>C:\WINDOWS\Microsoft.Net\assembly\GAC_32\System.Web\v4.0_4.0.0.0__b03f5f7f11d50a3a\System.Web.dll</ModulePath>
      <ModuleTime>2017-09-02T01:45:24.1906023Z</ModuleTime>
      <ModuleName>System.Web</ModuleName>
      <Classes />
    </Module>
    <Module hash="D0-43-D1-7C-5E-16-C7-E7-AC-A1-16-38-C2-41-C3-BE-02-83-79-E9">
      <Summary numSequencePoints="381" visitedSequencePoints="381" numBranchPoints="48" visitedBranchPoints="48" sequenceCoverage="100" branchCoverage="100" maxCyclomaticComplexity="1" minCyclomaticComplexity="1" visitedClasses="1" numClasses="1" visitedMethods="48" numMethods="48" />
      <ModulePath>C:\SoftwareProjects\MutableTuple\MutableTupleTests\bin\Debug\MutableTupleTests.dll</ModulePath>
      <ModuleTime>2017-09-30T00:11:40.8150083Z</ModuleTime>
      <ModuleName>MutableTupleTests</ModuleName>
      <Files>
        <File uid="1" fullPath="C:\SoftwareProjects\MutableTuple\MutableTupleTests\MutableTupleTests.cs" />
      </Files>
      <Classes>
        <Class skippedDueTo="Filter">
          <FullName>&lt;Module&gt;</FullName>
          <Methods />
        </Class>
        <Class>
          <Summary numSequencePoints="381" visitedSequencePoints="381" numBranchPoints="48" visitedBranchPoints="48" sequenceCoverage="100" branchCoverage="100" maxCyclomaticComplexity="1" minCyclomaticComplexity="1" visitedClasses="1" numClasses="1" visitedMethods="48" numMethods="48" />
          <FullName>MutableTupleTests.MutableTupleTests</FullName>
          <Methods>
            <Method visited="true" cyclomaticComplexity="1" nPathComplexity="0" sequenceCoverage="100" branchCoverage="100" isConstructor="false" isStatic="false" isGetter="false" isSetter="false">
              <Summary numSequencePoints="4" visitedSequencePoints="4" numBranchPoints="1" visitedBranchPoints="1" sequenceCoverage="100" branchCoverage="100" maxCyclomaticComplexity="1" minCyclomaticComplexity="1" visitedClasses="0" numClasses="0" visitedMethods="1" numMethods="1" />
              <MetadataToken>100663297</MetadataToken>
              <Name>System.Void MutableTupleTests.MutableTupleTests::MTuple1E()</Name>
              <FileRef uid="1" />
              <SequencePoints>
                <SequencePoint vc="1" uspid="1" ordinal="0" offset="0" sl="20" sc="9" el="20" ec="10" bec="0" bev="0" fileid="1" />
                <SequencePoint vc="1" uspid="2" ordinal="1" offset="1" sl="23" sc="13" el="23" ec="51" bec="0" bev="0" fileid="1" />
                <SequencePoint vc="1" uspid="3" ordinal="2" offset="7" sl="25" sc="13" el="25" ec="45" bec="0" bev="0" fileid="1" />
                <SequencePoint vc="1" uspid="4" ordinal="3" offset="30" sl="26" sc="9" el="26" ec="10" bec="0" bev="0" fileid="1" />
              </SequencePoints>
              <BranchPoints />
              <MethodPoint xsi:type="SequencePoint" vc="1" uspid="1" ordinal="0" offset="0" sl="20" sc="9" el="20" ec="10" bec="0" bev="0" fileid="1" />
            </Method>
            <Method visited="true" cyclomaticComplexity="1" nPathComplexity="0" sequenceCoverage="100" branchCoverage="100" isConstructor="false" isStatic="false" isGetter="false" isSetter="false">
              <Summary numSequencePoints="5" visitedSequencePoints="5" numBranchPoints="1" visitedBranchPoints="1" sequenceCoverage="100" branchCoverage="100" maxCyclomaticComplexity="1" minCyclomaticComplexity="1" visitedClasses="0" numClasses="0" visitedMethods="1" numMethods="1" />
              <MetadataToken>100663298</MetadataToken>
              <Name>System.Void MutableTupleTests.MutableTupleTests::MTuple2E()</Name>
              <FileRef uid="1" />
              <SequencePoints>
                <SequencePoint vc="1" uspid="5" ordinal="0" offset="0" sl="31" sc="9" el="31" ec="10" bec="0" bev="0" fileid="1" />
                <SequencePoint vc="1" uspid="6" ordinal="1" offset="1" sl="32" sc="13" el="32" ec="67" bec="0" bev="0" fileid="1" />
                <SequencePoint vc="1" uspid="7" ordinal="2" offset="7" sl="33" sc="13" el="33" ec="45" bec="0" bev="0" fileid="1" />
                <SequencePoint vc="1" uspid="8" ordinal="3" offset="30" sl="34" sc="13" el="34" ec="45" bec="0" bev="0" fileid="1" />
                <SequencePoint vc="1" uspid="9" ordinal="4" offset="53" sl="35" sc="9" el="35" ec="10" bec="0" bev="0" fileid="1" />
              </SequencePoints>
              <BranchPoints />
              <MethodPoint xsi:type="SequencePoint" vc="1" uspid="5" ordinal="0" offset="0" sl="31" sc="9" el="31" ec="10" bec="0" bev="0" fileid="1" />
            </Method>
            <Method visited="true" cyclomaticComplexity="1" nPathComplexity="0" sequenceCoverage="100" branchCoverage="100" isConstructor="false" isStatic="false" isGetter="false" isSetter="false">
              <Summary numSequencePoints="6" visitedSequencePoints="6" numBranchPoints="1" visitedBranchPoints="1" sequenceCoverage="100" branchCoverage="100" maxCyclomaticComplexity="1" minCyclomaticComplexity="1" visitedClasses="0" numClasses="0" visitedMethods="1" numMethods="1" />
              <MetadataToken>100663299</MetadataToken>
              <Name>System.Void MutableTupleTests.MutableTupleTests::MTuple3E()</Name>
              <FileRef uid="1" />
              <SequencePoints>
                <SequencePoint vc="1" uspid="10" ordinal="0" offset="0" sl="40" sc="9" el="40" ec="10" bec="0" bev="0" fileid="1" />
                <SequencePoint vc="1" uspid="11" ordinal="1" offset="1" sl="41" sc="13" el="41" ec="81" bec="0" bev="0" fileid="1" />
                <SequencePoint vc="1" uspid="12" ordinal="2" offset="7" sl="42" sc="13" el="42" ec="45" bec="0" bev="0" fileid="1" />
                <SequencePoint vc="1" uspid="13" ordinal="3" offset="30" sl="43" sc="13" el="43" ec="45" bec="0" bev="0" fileid="1" />
                <SequencePoint vc="1" uspid="14" ordinal="4" offset="53" sl="44" sc="13" el="44" ec="45" bec="0" bev="0" fileid="1" />
                <SequencePoint vc="1" uspid="15" ordinal="5" offset="76" sl="45" sc="9" el="45" ec="10" bec="0" bev="0" fileid="1" />
              </SequencePoints>
              <BranchPoints />
              <MethodPoint xsi:type="SequencePoint" vc="1" uspid="10" ordinal="0" offset="0" sl="40" sc="9" el="40" ec="10" bec="0" bev="0" fileid="1" />
            </Method>
            <Method visited="true" cyclomaticComplexity="1" nPathComplexity="0" sequenceCoverage="100" branchCoverage="100" isConstructor="false" isStatic="false" isGetter="false" isSetter="false">
              <Summary numSequencePoints="7" visitedSequencePoints="7" numBranchPoints="1" visitedBranchPoints="1" sequenceCoverage="100" branchCoverage="100" maxCyclomaticComplexity="1" minCyclomaticComplexity="1" visitedClasses="0" numClasses="0" visitedMethods="1" numMethods="1" />
              <MetadataToken>100663300</MetadataToken>
              <Name>System.Void MutableTupleTests.MutableTupleTests::MTuple4E()</Name>
              <FileRef uid="1" />
              <SequencePoints>
                <SequencePoint vc="1" uspid="16" ordinal="0" offset="0" sl="50" sc="9" el="50" ec="10" bec="0" bev="0" fileid="1" />
                <SequencePoint vc="1" uspid="17" ordinal="1" offset="1" sl="51" sc="13" el="51" ec="99" bec="0" bev="0" fileid="1" />
                <SequencePoint vc="1" uspid="18" ordinal="2" offset="7" sl="52" sc="13" el="52" ec="45" bec="0" bev="0" fileid="1" />
                <SequencePoint vc="1" uspid="19" ordinal="3" offset="30" sl="53" sc="13" el="53" ec="45" bec="0" bev="0" fileid="1" />
                <SequencePoint vc="1" uspid="20" ordinal="4" offset="53" sl="54" sc="13" el="54" ec="45" bec="0" bev="0" fileid="1" />
                <SequencePoint vc="1" uspid="21" ordinal="5" offset="76" sl="55" sc="13" el="55" ec="45" bec="0" bev="0" fileid="1" />
                <SequencePoint vc="1" uspid="22" ordinal="6" offset="99" sl="56" sc="9" el="56" ec="10" bec="0" bev="0" fileid="1" />
              </SequencePoints>
              <BranchPoints />
              <MethodPoint xsi:type="SequencePoint" vc="1" uspid="16" ordinal="0" offset="0" sl="50" sc="9" el="50" ec="10" bec="0" bev="0" fileid="1" />
            </Method>
            <Method visited="true" cyclomaticComplexity="1" nPathComplexity="0" sequenceCoverage="100" branchCoverage="100" isConstructor="false" isStatic="false" isGetter="false" isSetter="false">
              <Summary numSequencePoints="8" visitedSequencePoints="8" numBranchPoints="1" visitedBranchPoints="1" sequenceCoverage="100" branchCoverage="100" maxCyclomaticComplexity="1" minCyclomaticComplexity="1" visitedClasses="0" numClasses="0" visitedMethods="1" numMethods="1" />
              <MetadataToken>100663301</MetadataToken>
              <Name>System.Void MutableTupleTests.MutableTupleTests::MTuple5E()</Name>
              <FileRef uid="1" />
              <SequencePoints>
                <SequencePoint vc="1" uspid="23" ordinal="0" offset="0" sl="61" sc="9" el="61" ec="10" bec="0" bev="0" fileid="1" />
                <SequencePoint vc="1" uspid="24" ordinal="1" offset="1" sl="62" sc="13" el="62" ec="115" bec="0" bev="0" fileid="1" />
                <SequencePoint vc="1" uspid="25" ordinal="2" offset="7" sl="63" sc="13" el="63" ec="45" bec="0" bev="0" fileid="1" />
                <SequencePoint vc="1" uspid="26" ordinal="3" offset="30" sl="64" sc="13" el="64" ec="45" bec="0" bev="0" fileid="1" />
                <SequencePoint vc="1" uspid="27" ordinal="4" offset="53" sl="65" sc="13" el="65" ec="45" bec="0" bev="0" fileid="1" />
                <SequencePoint vc="1" uspid="28" ordinal="5" offset="76" sl="66" sc="13" el="66" ec="45" bec="0" bev="0" fileid="1" />
                <SequencePoint vc="1" uspid="29" ordinal="6" offset="99" sl="67" sc="13" el="67" ec="48" bec="0" bev="0" fileid="1" />
                <SequencePoint vc="1" uspid="30" ordinal="7" offset="112" sl="68" sc="9" el="68" ec="10" bec="0" bev="0" fileid="1" />
              </SequencePoints>
              <BranchPoints />
              <MethodPoint xsi:type="SequencePoint" vc="1" uspid="23" ordinal="0" offset="0" sl="61" sc="9" el="61" ec="10" bec="0" bev="0" fileid="1" />
            </Method>
            <Method visited="true" cyclomaticComplexity="1" nPathComplexity="0" sequenceCoverage="100" branchCoverage="100" isConstructor="false" isStatic="false" isGetter="false" isSetter="false">
              <Summary numSequencePoints="9" visitedSequencePoints="9" numBranchPoints="1" visitedBranchPoints="1" sequenceCoverage="100" branchCoverage="100" maxCyclomaticComplexity="1" minCyclomaticComplexity="1" visitedClasses="0" numClasses="0" visitedMethods="1" numMethods="1" />
              <MetadataToken>100663302</MetadataToken>
              <Name>System.Void MutableTupleTests.MutableTupleTests::MTuple6E()</Name>
              <FileRef uid="1" />
              <SequencePoints>
                <SequencePoint vc="1" uspid="31" ordinal="0" offset="0" sl="73" sc="9" el="73" ec="10" bec="0" bev="0" fileid="1" />
                <SequencePoint vc="1" uspid="32" ordinal="1" offset="1" sl="74" sc="13" el="74" ec="127" bec="0" bev="0" fileid="1" />
                <SequencePoint vc="1" uspid="33" ordinal="2" offset="7" sl="75" sc="13" el="75" ec="45" bec="0" bev="0" fileid="1" />
                <SequencePoint vc="1" uspid="34" ordinal="3" offset="30" sl="76" sc="13" el="76" ec="45" bec="0" bev="0" fileid="1" />
                <SequencePoint vc="1" uspid="35" ordinal="4" offset="53" sl="77" sc="13" el="77" ec="45" bec="0" bev="0" fileid="1" />
                <SequencePoint vc="1" uspid="36" ordinal="5" offset="76" sl="78" sc="13" el="78" ec="45" bec="0" bev="0" fileid="1" />
                <SequencePoint vc="1" uspid="37" ordinal="6" offset="99" sl="79" sc="13" el="79" ec="48" bec="0" bev="0" fileid="1" />
                <SequencePoint vc="1" uspid="38" ordinal="7" offset="112" sl="80" sc="13" el="80" ec="45" bec="0" bev="0" fileid="1" />
                <SequencePoint vc="1" uspid="39" ordinal="8" offset="135" sl="81" sc="9" el="81" ec="10" bec="0" bev="0" fileid="1" />
              </SequencePoints>
              <BranchPoints />
              <MethodPoint xsi:type="SequencePoint" vc="1" uspid="31" ordinal="0" offset="0" sl="73" sc="9" el="73" ec="10" bec="0" bev="0" fileid="1" />
            </Method>
            <Method visited="true" cyclomaticComplexity="1" nPathComplexity="0" sequenceCoverage="100" branchCoverage="100" isConstructor="false" isStatic="false" isGetter="false" isSetter="false">
              <Summary numSequencePoints="10" visitedSequencePoints="10" numBranchPoints="1" visitedBranchPoints="1" sequenceCoverage="100" branchCoverage="100" maxCyclomaticComplexity="1" minCyclomaticComplexity="1" visitedClasses="0" numClasses="0" visitedMethods="1" numMethods="1" />
              <MetadataToken>100663303</MetadataToken>
              <Name>System.Void MutableTupleTests.MutableTupleTests::MTuple7E()</Name>
              <FileRef uid="1" />
              <SequencePoints>
                <SequencePoint vc="1" uspid="40" ordinal="0" offset="0" sl="86" sc="9" el="86" ec="10" bec="0" bev="0" fileid="1" />
                <SequencePoint vc="1" uspid="41" ordinal="1" offset="1" sl="87" sc="13" el="87" ec="139" bec="0" bev="0" fileid="1" />
                <SequencePoint vc="1" uspid="42" ordinal="2" offset="7" sl="88" sc="13" el="88" ec="45" bec="0" bev="0" fileid="1" />
                <SequencePoint vc="1" uspid="43" ordinal="3" offset="30" sl="89" sc="13" el="89" ec="45" bec="0" bev="0" fileid="1" />
                <SequencePoint vc="1" uspid="44" ordinal="4" offset="53" sl="90" sc="13" el="90" ec="45" bec="0" bev="0" fileid="1" />
                <SequencePoint vc="1" uspid="45" ordinal="5" offset="76" sl="91" sc="13" el="91" ec="45" bec="0" bev="0" fileid="1" />
                <SequencePoint vc="1" uspid="46" ordinal="6" offset="99" sl="92" sc="13" el="92" ec="48" bec="0" bev="0" fileid="1" />
                <SequencePoint vc="1" uspid="47" ordinal="7" offset="112" sl="93" sc="13" el="93" ec="45" bec="0" bev="0" fileid="1" />
                <SequencePoint vc="1" uspid="48" ordinal="8" offset="135" sl="94" sc="13" el="94" ec="49" bec="0" bev="0" fileid="1" />
                <SequencePoint vc="1" uspid="49" ordinal="9" offset="158" sl="95" sc="9" el="95" ec="10" bec="0" bev="0" fileid="1" />
              </SequencePoints>
              <BranchPoints />
              <MethodPoint xsi:type="SequencePoint" vc="1" uspid="40" ordinal="0" offset="0" sl="86" sc="9" el="86" ec="10" bec="0" bev="0" fileid="1" />
            </Method>
            <Method visited="true" cyclomaticComplexity="1" nPathComplexity="0" sequenceCoverage="100" branchCoverage="100" isConstructor="false" isStatic="false" isGetter="false" isSetter="false">
              <Summary numSequencePoints="11" visitedSequencePoints="11" numBranchPoints="1" visitedBranchPoints="1" sequenceCoverage="100" branchCoverage="100" maxCyclomaticComplexity="1" minCyclomaticComplexity="1" visitedClasses="0" numClasses="0" visitedMethods="1" numMethods="1" />
              <MetadataToken>100663304</MetadataToken>
              <Name>System.Void MutableTupleTests.MutableTupleTests::MTuple8E()</Name>
              <FileRef uid="1" />
              <SequencePoints>
                <SequencePoint vc="1" uspid="50" ordinal="0" offset="0" sl="100" sc="9" el="100" ec="10" bec="0" bev="0" fileid="1" />
                <SequencePoint vc="1" uspid="51" ordinal="1" offset="1" sl="101" sc="13" el="101" ec="169" bec="0" bev="0" fileid="1" />
                <SequencePoint vc="1" uspid="52" ordinal="2" offset="7" sl="102" sc="13" el="102" ec="45" bec="0" bev="0" fileid="1" />
                <SequencePoint vc="1" uspid="53" ordinal="3" offset="30" sl="103" sc="13" el="103" ec="45" bec="0" bev="0" fileid="1" />
                <SequencePoint vc="1" uspid="54" ordinal="4" offset="53" sl="104" sc="13" el="104" ec="45" bec="0" bev="0" fileid="1" />
                <SequencePoint vc="1" uspid="55" ordinal="5" offset="76" sl="105" sc="13" el="105" ec="45" bec="0" bev="0" fileid="1" />
                <SequencePoint vc="1" uspid="56" ordinal="6" offset="99" sl="106" sc="13" el="106" ec="48" bec="0" bev="0" fileid="1" />
                <SequencePoint vc="1" uspid="57" ordinal="7" offset="112" sl="107" sc="13" el="107" ec="45" bec="0" bev="0" fileid="1" />
                <SequencePoint vc="1" uspid="58" ordinal="8" offset="135" sl="108" sc="13" el="108" ec="49" bec="0" bev="0" fileid="1" />
                <SequencePoint vc="1" uspid="59" ordinal="9" offset="158" sl="109" sc="13" el="109" ec="47" bec="0" bev="0" fileid="1" />
                <SequencePoint vc="1" uspid="60" ordinal="10" offset="171" sl="110" sc="9" el="110" ec="10" bec="0" bev="0" fileid="1" />
              </SequencePoints>
              <BranchPoints />
              <MethodPoint xsi:type="SequencePoint" vc="1" uspid="50" ordinal="0" offset="0" sl="100" sc="9" el="100" ec="10" bec="0" bev="0" fileid="1" />
            </Method>
            <Method visited="true" cyclomaticComplexity="1" nPathComplexity="0" sequenceCoverage="100" branchCoverage="100" isConstructor="false" isStatic="false" isGetter="false" isSetter="false">
              <Summary numSequencePoints="4" visitedSequencePoints="4" numBranchPoints="1" visitedBranchPoints="1" sequenceCoverage="100" branchCoverage="100" maxCyclomaticComplexity="1" minCyclomaticComplexity="1" visitedClasses="0" numClasses="0" visitedMethods="1" numMethods="1" />
              <MetadataToken>100663305</MetadataToken>
              <Name>System.Void MutableTupleTests.MutableTupleTests::MTuple1ECP()</Name>
              <FileRef uid="1" />
              <SequencePoints>
                <SequencePoint vc="1" uspid="61" ordinal="0" offset="0" sl="121" sc="9" el="121" ec="10" bec="0" bev="0" fileid="1" />
                <SequencePoint vc="1" uspid="62" ordinal="1" offset="1" sl="124" sc="13" el="124" ec="53" bec="0" bev="0" fileid="1" />
                <SequencePoint vc="1" uspid="63" ordinal="2" offset="9" sl="126" sc="13" el="126" ec="46" bec="0" bev="0" fileid="1" />
                <SequencePoint vc="1" uspid="64" ordinal="3" offset="33" sl="127" sc="9" el="127" ec="10" bec="0" bev="0" fileid="1" />
              </SequencePoints>
              <BranchPoints />
              <MethodPoint xsi:type="SequencePoint" vc="1" uspid="61" ordinal="0" offset="0" sl="121" sc="9" el="121" ec="10" bec="0" bev="0" fileid="1" />
            </Method>
            <Method visited="true" cyclomaticComplexity="1" nPathComplexity="0" sequenceCoverage="100" branchCoverage="100" isConstructor="false" isStatic="false" isGetter="false" isSetter="false">
              <Summary numSequencePoints="5" visitedSequencePoints="5" numBranchPoints="1" visitedBranchPoints="1" sequenceCoverage="100" branchCoverage="100" maxCyclomaticComplexity="1" minCyclomaticComplexity="1" visitedClasses="0" numClasses="0" visitedMethods="1" numMethods="1" />
              <MetadataToken>100663306</MetadataToken>
              <Name>System.Void MutableTupleTests.MutableTupleTests::MTuple2ECP()</Name>
              <FileRef uid="1" />
              <SequencePoints>
                <SequencePoint vc="1" uspid="65" ordinal="0" offset="0" sl="132" sc="9" el="132" ec="10" bec="0" bev="0" fileid="1" />
                <SequencePoint vc="1" uspid="66" ordinal="1" offset="1" sl="133" sc="13" el="133" ec="71" bec="0" bev="0" fileid="1" />
                <SequencePoint vc="1" uspid="67" ordinal="2" offset="18" sl="134" sc="13" el="134" ec="46" bec="0" bev="0" fileid="1" />
                <SequencePoint vc="1" uspid="68" ordinal="3" offset="42" sl="135" sc="13" el="135" ec="45" bec="0" bev="0" fileid="1" />
                <SequencePoint vc="1" uspid="69" ordinal="4" offset="65" sl="136" sc="9" el="136" ec="10" bec="0" bev="0" fileid="1" />
              </SequencePoints>
              <BranchPoints />
              <MethodPoint xsi:type="SequencePoint" vc="1" uspid="65" ordinal="0" offset="0" sl="132" sc="9" el="132" ec="10" bec="0" bev="0" fileid="1" />
            </Method>
            <Method visited="true" cyclomaticComplexity="1" nPathComplexity="0" sequenceCoverage="100" branchCoverage="100" isConstructor="false" isStatic="false" isGetter="false" isSetter="false">
              <Summary numSequencePoints="6" visitedSequencePoints="6" numBranchPoints="1" visitedBranchPoints="1" sequenceCoverage="100" branchCoverage="100" maxCyclomaticComplexity="1" minCyclomaticComplexity="1" visitedClasses="0" numClasses="0" visitedMethods="1" numMethods="1" />
              <MetadataToken>100663307</MetadataToken>
              <Name>System.Void MutableTupleTests.MutableTupleTests::MTuple3ECP()</Name>
              <FileRef uid="1" />
              <SequencePoints>
                <SequencePoint vc="1" uspid="70" ordinal="0" offset="0" sl="141" sc="9" el="141" ec="10" bec="0" bev="0" fileid="1" />
                <SequencePoint vc="1" uspid="71" ordinal="1" offset="1" sl="142" sc="13" el="142" ec="87" bec="0" bev="0" fileid="1" />
                <SequencePoint vc="1" uspid="72" ordinal="2" offset="23" sl="143" sc="13" el="143" ec="46" bec="0" bev="0" fileid="1" />
                <SequencePoint vc="1" uspid="73" ordinal="3" offset="47" sl="144" sc="13" el="144" ec="45" bec="0" bev="0" fileid="1" />
                <SequencePoint vc="1" uspid="74" ordinal="4" offset="70" sl="145" sc="13" el="145" ec="45" bec="0" bev="0" fileid="1" />
                <SequencePoint vc="1" uspid="75" ordinal="5" offset="93" sl="146" sc="9" el="146" ec="10" bec="0" bev="0" fileid="1" />
              </SequencePoints>
              <BranchPoints />
              <MethodPoint xsi:type="SequencePoint" vc="1" uspid="70" ordinal="0" offset="0" sl="141" sc="9" el="141" ec="10" bec="0" bev="0" fileid="1" />
            </Method>
            <Method visited="true" cyclomaticComplexity="1" nPathComplexity="0" sequenceCoverage="100" branchCoverage="100" isConstructor="false" isStatic="false" isGetter="false" isSetter="false">
              <Summary numSequencePoints="7" visitedSequencePoints="7" numBranchPoints="1" visitedBranchPoints="1" sequenceCoverage="100" branchCoverage="100" maxCyclomaticComplexity="1" minCyclomaticComplexity="1" visitedClasses="0" numClasses="0" visitedMethods="1" numMethods="1" />
              <MetadataToken>100663308</MetadataToken>
              <Name>System.Void MutableTupleTests.MutableTupleTests::MTuple4ECP()</Name>
              <FileRef uid="1" />
              <SequencePoints>
                <SequencePoint vc="1" uspid="76" ordinal="0" offset="0" sl="151" sc="9" el="151" ec="10" bec="0" bev="0" fileid="1" />
                <SequencePoint vc="1" uspid="77" ordinal="1" offset="1" sl="152" sc="13" el="152" ec="119" bec="0" bev="0" fileid="1" />
                <SequencePoint vc="1" uspid="78" ordinal="2" offset="37" sl="153" sc="13" el="153" ec="46" bec="0" bev="0" fileid="1" />
                <SequencePoint vc="1" uspid="79" ordinal="3" offset="61" sl="154" sc="13" el="154" ec="45" bec="0" bev="0" fileid="1" />
                <SequencePoint vc="1" uspid="80" ordinal="4" offset="84" sl="155" sc="13" el="155" ec="45" bec="0" bev="0" fileid="1" />
                <SequencePoint vc="1" uspid="81" ordinal="5" offset="107" sl="156" sc="13" el="156" ec="48" bec="0" bev="0" fileid="1" />
                <SequencePoint vc="1" uspid="82" ordinal="6" offset="138" sl="157" sc="9" el="157" ec="10" bec="0" bev="0" fileid="1" />
              </SequencePoints>
              <BranchPoints />
              <MethodPoint xsi:type="SequencePoint" vc="1" uspid="76" ordinal="0" offset="0" sl="151" sc="9" el="151" ec="10" bec="0" bev="0" fileid="1" />
            </Method>
            <Method visited="true" cyclomaticComplexity="1" nPathComplexity="0" sequenceCoverage="100" branchCoverage="100" isConstructor="false" isStatic="false" isGetter="false" isSetter="false">
              <Summary numSequencePoints="8" visitedSequencePoints="8" numBranchPoints="1" visitedBranchPoints="1" sequenceCoverage="100" branchCoverage="100" maxCyclomaticComplexity="1" minCyclomaticComplexity="1" visitedClasses="0" numClasses="0" visitedMethods="1" numMethods="1" />
              <MetadataToken>100663309</MetadataToken>
              <Name>System.Void MutableTupleTests.MutableTupleTests::MTuple5ECP()</Name>
              <FileRef uid="1" />
              <SequencePoints>
                <SequencePoint vc="1" uspid="83" ordinal="0" offset="0" sl="162" sc="9" el="162" ec="10" bec="0" bev="0" fileid="1" />
                <SequencePoint vc="1" uspid="84" ordinal="1" offset="1" sl="163" sc="13" el="163" ec="146" bec="0" bev="0" fileid="1" />
                <SequencePoint vc="1" uspid="85" ordinal="2" offset="42" sl="164" sc="13" el="164" ec="46" bec="0" bev="0" fileid="1" />
                <SequencePoint vc="1" uspid="86" ordinal="3" offset="66" sl="165" sc="13" el="165" ec="45" bec="0" bev="0" fileid="1" />
                <SequencePoint vc="1" uspid="87" ordinal="4" offset="89" sl="166" sc="13" el="166" ec="45" bec="0" bev="0" fileid="1" />
                <SequencePoint vc="1" uspid="88" ordinal="5" offset="112" sl="167" sc="13" el="167" ec="48" bec="0" bev="0" fileid="1" />
                <SequencePoint vc="1" uspid="89" ordinal="6" offset="143" sl="168" sc="13" el="168" ec="51" bec="0" bev="0" fileid="1" />
                <SequencePoint vc="1" uspid="90" ordinal="7" offset="160" sl="169" sc="9" el="169" ec="10" bec="0" bev="0" fileid="1" />
              </SequencePoints>
              <BranchPoints />
              <MethodPoint xsi:type="SequencePoint" vc="1" uspid="83" ordinal="0" offset="0" sl="162" sc="9" el="162" ec="10" bec="0" bev="0" fileid="1" />
            </Method>
            <Method visited="true" cyclomaticComplexity="1" nPathComplexity="0" sequenceCoverage="100" branchCoverage="100" isConstructor="false" isStatic="false" isGetter="false" isSetter="false">
              <Summary numSequencePoints="9" visitedSequencePoints="9" numBranchPoints="1" visitedBranchPoints="1" sequenceCoverage="100" branchCoverage="100" maxCyclomaticComplexity="1" minCyclomaticComplexity="1" visitedClasses="0" numClasses="0" visitedMethods="1" numMethods="1" />
              <MetadataToken>100663310</MetadataToken>
              <Name>System.Void MutableTupleTests.MutableTupleTests::MTuple6ECP()</Name>
              <FileRef uid="1" />
              <SequencePoints>
                <SequencePoint vc="1" uspid="91" ordinal="0" offset="0" sl="174" sc="9" el="174" ec="10" bec="0" bev="0" fileid="1" />
                <SequencePoint vc="1" uspid="92" ordinal="1" offset="1" sl="175" sc="13" el="175" ec="162" bec="0" bev="0" fileid="1" />
                <SequencePoint vc="1" uspid="93" ordinal="2" offset="43" sl="176" sc="13" el="176" ec="46" bec="0" bev="0" fileid="1" />
                <SequencePoint vc="1" uspid="94" ordinal="3" offset="67" sl="177" sc="13" el="177" ec="45" bec="0" bev="0" fileid="1" />
                <SequencePoint vc="1" uspid="95" ordinal="4" offset="90" sl="178" sc="13" el="178" ec="45" bec="0" bev="0" fileid="1" />
                <SequencePoint vc="1" uspid="96" ordinal="5" offset="113" sl="179" sc="13" el="179" ec="48" bec="0" bev="0" fileid="1" />
                <SequencePoint vc="1" uspid="97" ordinal="6" offset="144" sl="180" sc="13" el="180" ec="51" bec="0" bev="0" fileid="1" />
                <SequencePoint vc="1" uspid="98" ordinal="7" offset="161" sl="181" sc="13" el="181" ec="45" bec="0" bev="0" fileid="1" />
                <SequencePoint vc="1" uspid="99" ordinal="8" offset="184" sl="182" sc="9" el="182" ec="10" bec="0" bev="0" fileid="1" />
              </SequencePoints>
              <BranchPoints />
              <MethodPoint xsi:type="SequencePoint" vc="1" uspid="91" ordinal="0" offset="0" sl="174" sc="9" el="174" ec="10" bec="0" bev="0" fileid="1" />
            </Method>
            <Method visited="true" cyclomaticComplexity="1" nPathComplexity="0" sequenceCoverage="100" branchCoverage="100" isConstructor="false" isStatic="false" isGetter="false" isSetter="false">
              <Summary numSequencePoints="10" visitedSequencePoints="10" numBranchPoints="1" visitedBranchPoints="1" sequenceCoverage="100" branchCoverage="100" maxCyclomaticComplexity="1" minCyclomaticComplexity="1" visitedClasses="0" numClasses="0" visitedMethods="1" numMethods="1" />
              <MetadataToken>100663311</MetadataToken>
              <Name>System.Void MutableTupleTests.MutableTupleTests::MTuple7ECP()</Name>
              <FileRef uid="1" />
              <SequencePoints>
                <SequencePoint vc="1" uspid="100" ordinal="0" offset="0" sl="187" sc="9" el="187" ec="10" bec="0" bev="0" fileid="1" />
                <SequencePoint vc="1" uspid="101" ordinal="1" offset="1" sl="188" sc="13" el="188" ec="180" bec="0" bev="0" fileid="1" />
                <SequencePoint vc="1" uspid="102" ordinal="2" offset="44" sl="189" sc="13" el="189" ec="46" bec="0" bev="0" fileid="1" />
                <SequencePoint vc="1" uspid="103" ordinal="3" offset="68" sl="190" sc="13" el="190" ec="45" bec="0" bev="0" fileid="1" />
                <SequencePoint vc="1" uspid="104" ordinal="4" offset="91" sl="191" sc="13" el="191" ec="45" bec="0" bev="0" fileid="1" />
                <SequencePoint vc="1" uspid="105" ordinal="5" offset="114" sl="192" sc="13" el="192" ec="48" bec="0" bev="0" fileid="1" />
                <SequencePoint vc="1" uspid="106" ordinal="6" offset="145" sl="193" sc="13" el="193" ec="51" bec="0" bev="0" fileid="1" />
                <SequencePoint vc="1" uspid="107" ordinal="7" offset="162" sl="194" sc="13" el="194" ec="45" bec="0" bev="0" fileid="1" />
                <SequencePoint vc="1" uspid="108" ordinal="8" offset="185" sl="195" sc="13" el="195" ec="48" bec="0" bev="0" fileid="1" />
                <SequencePoint vc="1" uspid="109" ordinal="9" offset="208" sl="196" sc="9" el="196" ec="10" bec="0" bev="0" fileid="1" />
              </SequencePoints>
              <BranchPoints />
              <MethodPoint xsi:type="SequencePoint" vc="1" uspid="100" ordinal="0" offset="0" sl="187" sc="9" el="187" ec="10" bec="0" bev="0" fileid="1" />
            </Method>
            <Method visited="true" cyclomaticComplexity="1" nPathComplexity="0" sequenceCoverage="100" branchCoverage="100" isConstructor="false" isStatic="false" isGetter="false" isSetter="false">
              <Summary numSequencePoints="11" visitedSequencePoints="11" numBranchPoints="1" visitedBranchPoints="1" sequenceCoverage="100" branchCoverage="100" maxCyclomaticComplexity="1" minCyclomaticComplexity="1" visitedClasses="0" numClasses="0" visitedMethods="1" numMethods="1" />
              <MetadataToken>100663312</MetadataToken>
              <Name>System.Void MutableTupleTests.MutableTupleTests::MTuple8ECP()</Name>
              <FileRef uid="1" />
              <SequencePoints>
                <SequencePoint vc="1" uspid="110" ordinal="0" offset="0" sl="201" sc="9" el="201" ec="10" bec="0" bev="0" fileid="1" />
                <SequencePoint vc="1" uspid="111" ordinal="1" offset="1" sl="202" sc="13" el="202" ec="232" bec="0" bev="0" fileid="1" />
                <SequencePoint vc="1" uspid="112" ordinal="2" offset="50" sl="203" sc="13" el="203" ec="46" bec="0" bev="0" fileid="1" />
                <SequencePoint vc="1" uspid="113" ordinal="3" offset="74" sl="204" sc="13" el="204" ec="45" bec="0" bev="0" fileid="1" />
                <SequencePoint vc="1" uspid="114" ordinal="4" offset="97" sl="205" sc="13" el="205" ec="45" bec="0" bev="0" fileid="1" />
                <SequencePoint vc="1" uspid="115" ordinal="5" offset="120" sl="206" sc="13" el="206" ec="48" bec="0" bev="0" fileid="1" />
                <SequencePoint vc="1" uspid="116" ordinal="6" offset="151" sl="207" sc="13" el="207" ec="51" bec="0" bev="0" fileid="1" />
                <SequencePoint vc="1" uspid="117" ordinal="7" offset="168" sl="208" sc="13" el="208" ec="45" bec="0" bev="0" fileid="1" />
                <SequencePoint vc="1" uspid="118" ordinal="8" offset="191" sl="209" sc="13" el="209" ec="48" bec="0" bev="0" fileid="1" />
                <SequencePoint vc="1" uspid="119" ordinal="9" offset="214" sl="210" sc="13" el="210" ec="50" bec="0" bev="0" fileid="1" />
                <SequencePoint vc="1" uspid="120" ordinal="10" offset="242" sl="211" sc="9" el="211" ec="10" bec="0" bev="0" fileid="1" />
              </SequencePoints>
              <BranchPoints />
              <MethodPoint xsi:type="SequencePoint" vc="1" uspid="110" ordinal="0" offset="0" sl="201" sc="9" el="201" ec="10" bec="0" bev="0" fileid="1" />
            </Method>
            <Method visited="true" cyclomaticComplexity="1" nPathComplexity="0" sequenceCoverage="100" branchCoverage="100" isConstructor="false" isStatic="false" isGetter="false" isSetter="false">
              <Summary numSequencePoints="5" visitedSequencePoints="5" numBranchPoints="1" visitedBranchPoints="1" sequenceCoverage="100" branchCoverage="100" maxCyclomaticComplexity="1" minCyclomaticComplexity="1" visitedClasses="0" numClasses="0" visitedMethods="1" numMethods="1" />
              <MetadataToken>100663313</MetadataToken>
              <Name>System.Void MutableTupleTests.MutableTupleTests::MTuple1EProperties()</Name>
              <FileRef uid="1" />
              <SequencePoints>
                <SequencePoint vc="1" uspid="121" ordinal="0" offset="0" sl="220" sc="9" el="220" ec="10" bec="0" bev="0" fileid="1" />
                <SequencePoint vc="1" uspid="122" ordinal="1" offset="1" sl="223" sc="13" el="223" ec="53" bec="0" bev="0" fileid="1" />
                <SequencePoint vc="1" uspid="123" ordinal="2" offset="9" sl="224" sc="13" el="224" ec="29" bec="0" bev="0" fileid="1" />
                <SequencePoint vc="1" uspid="124" ordinal="3" offset="17" sl="225" sc="13" el="225" ec="45" bec="0" bev="0" fileid="1" />
                <SequencePoint vc="1" uspid="125" ordinal="4" offset="40" sl="226" sc="9" el="226" ec="10" bec="0" bev="0" fileid="1" />
              </SequencePoints>
              <BranchPoints />
              <MethodPoint xsi:type="SequencePoint" vc="1" uspid="121" ordinal="0" offset="0" sl="220" sc="9" el="220" ec="10" bec="0" bev="0" fileid="1" />
            </Method>
            <Method visited="true" cyclomaticComplexity="1" nPathComplexity="0" sequenceCoverage="100" branchCoverage="100" isConstructor="false" isStatic="false" isGetter="false" isSetter="false">
              <Summary numSequencePoints="7" visitedSequencePoints="7" numBranchPoints="1" visitedBranchPoints="1" sequenceCoverage="100" branchCoverage="100" maxCyclomaticComplexity="1" minCyclomaticComplexity="1" visitedClasses="0" numClasses="0" visitedMethods="1" numMethods="1" />
              <MetadataToken>100663314</MetadataToken>
              <Name>System.Void MutableTupleTests.MutableTupleTests::MTuple2EProperties()</Name>
              <FileRef uid="1" />
              <SequencePoints>
                <SequencePoint vc="1" uspid="126" ordinal="0" offset="0" sl="231" sc="9" el="231" ec="10" bec="0" bev="0" fileid="1" />
                <SequencePoint vc="1" uspid="127" ordinal="1" offset="1" sl="232" sc="13" el="232" ec="72" bec="0" bev="0" fileid="1" />
                <SequencePoint vc="1" uspid="128" ordinal="2" offset="18" sl="233" sc="13" el="233" ec="29" bec="0" bev="0" fileid="1" />
                <SequencePoint vc="1" uspid="129" ordinal="3" offset="26" sl="234" sc="13" el="234" ec="32" bec="0" bev="0" fileid="1" />
                <SequencePoint vc="1" uspid="130" ordinal="4" offset="42" sl="235" sc="13" el="235" ec="45" bec="0" bev="0" fileid="1" />
                <SequencePoint vc="1" uspid="131" ordinal="5" offset="65" sl="236" sc="13" el="236" ec="48" bec="0" bev="0" fileid="1" />
                <SequencePoint vc="1" uspid="132" ordinal="6" offset="96" sl="237" sc="9" el="237" ec="10" bec="0" bev="0" fileid="1" />
              </SequencePoints>
              <BranchPoints />
              <MethodPoint xsi:type="SequencePoint" vc="1" uspid="126" ordinal="0" offset="0" sl="231" sc="9" el="231" ec="10" bec="0" bev="0" fileid="1" />
            </Method>
            <Method visited="true" cyclomaticComplexity="1" nPathComplexity="0" sequenceCoverage="100" branchCoverage="100" isConstructor="false" isStatic="false" isGetter="false" isSetter="false">
              <Summary numSequencePoints="9" visitedSequencePoints="9" numBranchPoints="1" visitedBranchPoints="1" sequenceCoverage="100" branchCoverage="100" maxCyclomaticComplexity="1" minCyclomaticComplexity="1" visitedClasses="0" numClasses="0" visitedMethods="1" numMethods="1" />
              <MetadataToken>100663315</MetadataToken>
              <Name>System.Void MutableTupleTests.MutableTupleTests::MTuple3EProperties()</Name>
              <FileRef uid="1" />
              <SequencePoints>
                <SequencePoint vc="1" uspid="133" ordinal="0" offset="0" sl="242" sc="9" el="242" ec="10" bec="0" bev="0" fileid="1" />
                <SequencePoint vc="1" uspid="134" ordinal="1" offset="1" sl="243" sc="13" el="243" ec="89" bec="0" bev="0" fileid="1" />
                <SequencePoint vc="1" uspid="135" ordinal="2" offset="23" sl="244" sc="13" el="244" ec="29" bec="0" bev="0" fileid="1" />
                <SequencePoint vc="1" uspid="136" ordinal="3" offset="31" sl="245" sc="13" el="245" ec="32" bec="0" bev="0" fileid="1" />
                <SequencePoint vc="1" uspid="137" ordinal="4" offset="47" sl="246" sc="13" el="246" ec="29" bec="0" bev="0" fileid="1" />
                <SequencePoint vc="1" uspid="138" ordinal="5" offset="59" sl="247" sc="13" el="247" ec="45" bec="0" bev="0" fileid="1" />
                <SequencePoint vc="1" uspid="139" ordinal="6" offset="82" sl="248" sc="13" el="248" ec="48" bec="0" bev="0" fileid="1" />
                <SequencePoint vc="1" uspid="140" ordinal="7" offset="113" sl="249" sc="13" el="249" ec="45" bec="0" bev="0" fileid="1" />
                <SequencePoint vc="1" uspid="141" ordinal="8" offset="136" sl="250" sc="9" el="250" ec="10" bec="0" bev="0" fileid="1" />
              </SequencePoints>
              <BranchPoints />
              <MethodPoint xsi:type="SequencePoint" vc="1" uspid="133" ordinal="0" offset="0" sl="242" sc="9" el="242" ec="10" bec="0" bev="0" fileid="1" />
            </Method>
            <Method visited="true" cyclomaticComplexity="1" nPathComplexity="0" sequenceCoverage="100" branchCoverage="100" isConstructor="false" isStatic="false" isGetter="false" isSetter="false">
              <Summary numSequencePoints="11" visitedSequencePoints="11" numBranchPoints="1" visitedBranchPoints="1" sequenceCoverage="100" branchCoverage="100" maxCyclomaticComplexity="1" minCyclomaticComplexity="1" visitedClasses="0" numClasses="0" visitedMethods="1" numMethods="1" />
              <MetadataToken>100663316</MetadataToken>
              <Name>System.Void MutableTupleTests.MutableTupleTests::MTuple4EProperties()</Name>
              <FileRef uid="1" />
              <SequencePoints>
                <SequencePoint vc="1" uspid="142" ordinal="0" offset="0" sl="255" sc="9" el="255" ec="10" bec="0" bev="0" fileid="1" />
                <SequencePoint vc="1" uspid="143" ordinal="1" offset="1" sl="256" sc="13" el="256" ec="122" bec="0" bev="0" fileid="1" />
                <SequencePoint vc="1" uspid="144" ordinal="2" offset="37" sl="257" sc="13" el="257" ec="29" bec="0" bev="0" fileid="1" />
                <SequencePoint vc="1" uspid="145" ordinal="3" offset="45" sl="258" sc="13" el="258" ec="32" bec="0" bev="0" fileid="1" />
                <SequencePoint vc="1" uspid="146" ordinal="4" offset="61" sl="259" sc="13" el="259" ec="29" bec="0" bev="0" fileid="1" />
                <SequencePoint vc="1" uspid="147" ordinal="5" offset="73" sl="260" sc="13" el="260" ec="40" bec="0" bev="0" fileid="1" />
                <SequencePoint vc="1" uspid="148" ordinal="6" offset="91" sl="261" sc="13" el="261" ec="45" bec="0" bev="0" fileid="1" />
                <SequencePoint vc="1" uspid="149" ordinal="7" offset="114" sl="262" sc="13" el="262" ec="48" bec="0" bev="0" fileid="1" />
                <SequencePoint vc="1" uspid="150" ordinal="8" offset="145" sl="263" sc="13" el="263" ec="45" bec="0" bev="0" fileid="1" />
                <SequencePoint vc="1" uspid="151" ordinal="9" offset="168" sl="264" sc="13" el="264" ec="47" bec="0" bev="0" fileid="1" />
                <SequencePoint vc="1" uspid="152" ordinal="10" offset="199" sl="265" sc="9" el="265" ec="10" bec="0" bev="0" fileid="1" />
              </SequencePoints>
              <BranchPoints />
              <MethodPoint xsi:type="SequencePoint" vc="1" uspid="142" ordinal="0" offset="0" sl="255" sc="9" el="255" ec="10" bec="0" bev="0" fileid="1" />
            </Method>
            <Method visited="true" cyclomaticComplexity="1" nPathComplexity="0" sequenceCoverage="100" branchCoverage="100" isConstructor="false" isStatic="false" isGetter="false" isSetter="false">
              <Summary numSequencePoints="13" visitedSequencePoints="13" numBranchPoints="1" visitedBranchPoints="1" sequenceCoverage="100" branchCoverage="100" maxCyclomaticComplexity="1" minCyclomaticComplexity="1" visitedClasses="0" numClasses="0" visitedMethods="1" numMethods="1" />
              <MetadataToken>100663317</MetadataToken>
              <Name>System.Void MutableTupleTests.MutableTupleTests::MTuple5EProperties()</Name>
              <FileRef uid="1" />
              <SequencePoints>
                <SequencePoint vc="1" uspid="153" ordinal="0" offset="0" sl="270" sc="9" el="270" ec="10" bec="0" bev="0" fileid="1" />
                <SequencePoint vc="1" uspid="154" ordinal="1" offset="1" sl="271" sc="13" el="271" ec="147" bec="0" bev="0" fileid="1" />
                <SequencePoint vc="1" uspid="155" ordinal="2" offset="42" sl="272" sc="13" el="272" ec="29" bec="0" bev="0" fileid="1" />
                <SequencePoint vc="1" uspid="156" ordinal="3" offset="50" sl="273" sc="13" el="273" ec="32" bec="0" bev="0" fileid="1" />
                <SequencePoint vc="1" uspid="157" ordinal="4" offset="66" sl="274" sc="13" el="274" ec="29" bec="0" bev="0" fileid="1" />
                <SequencePoint vc="1" uspid="158" ordinal="5" offset="78" sl="275" sc="13" el="275" ec="40" bec="0" bev="0" fileid="1" />
                <SequencePoint vc="1" uspid="159" ordinal="6" offset="96" sl="276" sc="13" el="276" ec="33" bec="0" bev="0" fileid="1" />
                <SequencePoint vc="1" uspid="160" ordinal="7" offset="108" sl="277" sc="13" el="277" ec="45" bec="0" bev="0" fileid="1" />
                <SequencePoint vc="1" uspid="161" ordinal="8" offset="131" sl="278" sc="13" el="278" ec="48" bec="0" bev="0" fileid="1" />
                <SequencePoint vc="1" uspid="162" ordinal="9" offset="162" sl="279" sc="13" el="279" ec="45" bec="0" bev="0" fileid="1" />
                <SequencePoint vc="1" uspid="163" ordinal="10" offset="185" sl="280" sc="13" el="280" ec="47" bec="0" bev="0" fileid="1" />
                <SequencePoint vc="1" uspid="164" ordinal="11" offset="216" sl="281" sc="13" el="281" ec="49" bec="0" bev="0" fileid="1" />
                <SequencePoint vc="1" uspid="165" ordinal="12" offset="233" sl="282" sc="9" el="282" ec="10" bec="0" bev="0" fileid="1" />
              </SequencePoints>
              <BranchPoints />
              <MethodPoint xsi:type="SequencePoint" vc="1" uspid="153" ordinal="0" offset="0" sl="270" sc="9" el="270" ec="10" bec="0" bev="0" fileid="1" />
            </Method>
            <Method visited="true" cyclomaticComplexity="1" nPathComplexity="0" sequenceCoverage="100" branchCoverage="100" isConstructor="false" isStatic="false" isGetter="false" isSetter="false">
              <Summary numSequencePoints="15" visitedSequencePoints="15" numBranchPoints="1" visitedBranchPoints="1" sequenceCoverage="100" branchCoverage="100" maxCyclomaticComplexity="1" minCyclomaticComplexity="1" visitedClasses="0" numClasses="0" visitedMethods="1" numMethods="1" />
              <MetadataToken>100663318</MetadataToken>
              <Name>System.Void MutableTupleTests.MutableTupleTests::MTuple6EProperties()</Name>
              <FileRef uid="1" />
              <SequencePoints>
                <SequencePoint vc="1" uspid="166" ordinal="0" offset="0" sl="287" sc="9" el="287" ec="10" bec="0" bev="0" fileid="1" />
                <SequencePoint vc="1" uspid="167" ordinal="1" offset="1" sl="288" sc="13" el="288" ec="162" bec="0" bev="0" fileid="1" />
                <SequencePoint vc="1" uspid="168" ordinal="2" offset="43" sl="289" sc="13" el="289" ec="29" bec="0" bev="0" fileid="1" />
                <SequencePoint vc="1" uspid="169" ordinal="3" offset="51" sl="290" sc="13" el="290" ec="32" bec="0" bev="0" fileid="1" />
                <SequencePoint vc="1" uspid="170" ordinal="4" offset="67" sl="291" sc="13" el="291" ec="29" bec="0" bev="0" fileid="1" />
                <SequencePoint vc="1" uspid="171" ordinal="5" offset="79" sl="292" sc="13" el="292" ec="40" bec="0" bev="0" fileid="1" />
                <SequencePoint vc="1" uspid="172" ordinal="6" offset="97" sl="293" sc="13" el="293" ec="33" bec="0" bev="0" fileid="1" />
                <SequencePoint vc="1" uspid="173" ordinal="7" offset="109" sl="294" sc="13" el="294" ec="31" bec="0" bev="0" fileid="1" />
                <SequencePoint vc="1" uspid="174" ordinal="8" offset="121" sl="295" sc="13" el="295" ec="45" bec="0" bev="0" fileid="1" />
                <SequencePoint vc="1" uspid="175" ordinal="9" offset="144" sl="296" sc="13" el="296" ec="48" bec="0" bev="0" fileid="1" />
                <SequencePoint vc="1" uspid="176" ordinal="10" offset="175" sl="297" sc="13" el="297" ec="45" bec="0" bev="0" fileid="1" />
                <SequencePoint vc="1" uspid="177" ordinal="11" offset="198" sl="298" sc="13" el="298" ec="47" bec="0" bev="0" fileid="1" />
                <SequencePoint vc="1" uspid="178" ordinal="12" offset="229" sl="299" sc="13" el="299" ec="49" bec="0" bev="0" fileid="1" />
                <SequencePoint vc="1" uspid="179" ordinal="13" offset="246" sl="300" sc="13" el="300" ec="47" bec="0" bev="0" fileid="1" />
                <SequencePoint vc="1" uspid="180" ordinal="14" offset="273" sl="301" sc="9" el="301" ec="10" bec="0" bev="0" fileid="1" />
              </SequencePoints>
              <BranchPoints />
              <MethodPoint xsi:type="SequencePoint" vc="1" uspid="166" ordinal="0" offset="0" sl="287" sc="9" el="287" ec="10" bec="0" bev="0" fileid="1" />
            </Method>
            <Method visited="true" cyclomaticComplexity="1" nPathComplexity="0" sequenceCoverage="100" branchCoverage="100" isConstructor="false" isStatic="false" isGetter="false" isSetter="false">
              <Summary numSequencePoints="17" visitedSequencePoints="17" numBranchPoints="1" visitedBranchPoints="1" sequenceCoverage="100" branchCoverage="100" maxCyclomaticComplexity="1" minCyclomaticComplexity="1" visitedClasses="0" numClasses="0" visitedMethods="1" numMethods="1" />
              <MetadataToken>100663319</MetadataToken>
              <Name>System.Void MutableTupleTests.MutableTupleTests::MTuple7EProperties()</Name>
              <FileRef uid="1" />
              <SequencePoints>
                <SequencePoint vc="1" uspid="181" ordinal="0" offset="0" sl="306" sc="9" el="306" ec="10" bec="0" bev="0" fileid="1" />
                <SequencePoint vc="1" uspid="182" ordinal="1" offset="1" sl="307" sc="13" el="307" ec="180" bec="0" bev="0" fileid="1" />
                <SequencePoint vc="1" uspid="183" ordinal="2" offset="44" sl="309" sc="13" el="309" ec="29" bec="0" bev="0" fileid="1" />
                <SequencePoint vc="1" uspid="184" ordinal="3" offset="52" sl="310" sc="13" el="310" ec="32" bec="0" bev="0" fileid="1" />
                <SequencePoint vc="1" uspid="185" ordinal="4" offset="68" sl="311" sc="13" el="311" ec="29" bec="0" bev="0" fileid="1" />
                <SequencePoint vc="1" uspid="186" ordinal="5" offset="80" sl="312" sc="13" el="312" ec="40" bec="0" bev="0" fileid="1" />
                <SequencePoint vc="1" uspid="187" ordinal="6" offset="98" sl="313" sc="13" el="313" ec="33" bec="0" bev="0" fileid="1" />
                <SequencePoint vc="1" uspid="188" ordinal="7" offset="110" sl="314" sc="13" el="314" ec="31" bec="0" bev="0" fileid="1" />
                <SequencePoint vc="1" uspid="189" ordinal="8" offset="122" sl="315" sc="13" el="315" ec="33" bec="0" bev="0" fileid="1" />
                <SequencePoint vc="1" uspid="190" ordinal="9" offset="130" sl="316" sc="13" el="316" ec="45" bec="0" bev="0" fileid="1" />
                <SequencePoint vc="1" uspid="191" ordinal="10" offset="153" sl="317" sc="13" el="317" ec="48" bec="0" bev="0" fileid="1" />
                <SequencePoint vc="1" uspid="192" ordinal="11" offset="184" sl="318" sc="13" el="318" ec="45" bec="0" bev="0" fileid="1" />
                <SequencePoint vc="1" uspid="193" ordinal="12" offset="207" sl="319" sc="13" el="319" ec="47" bec="0" bev="0" fileid="1" />
                <SequencePoint vc="1" uspid="194" ordinal="13" offset="238" sl="320" sc="13" el="320" ec="49" bec="0" bev="0" fileid="1" />
                <SequencePoint vc="1" uspid="195" ordinal="14" offset="255" sl="321" sc="13" el="321" ec="47" bec="0" bev="0" fileid="1" />
                <SequencePoint vc="1" uspid="196" ordinal="15" offset="282" sl="322" sc="13" el="322" ec="49" bec="0" bev="0" fileid="1" />
                <SequencePoint vc="1" uspid="197" ordinal="16" offset="305" sl="323" sc="9" el="323" ec="10" bec="0" bev="0" fileid="1" />
              </SequencePoints>
              <BranchPoints />
              <MethodPoint xsi:type="SequencePoint" vc="1" uspid="181" ordinal="0" offset="0" sl="306" sc="9" el="306" ec="10" bec="0" bev="0" fileid="1" />
            </Method>
            <Method visited="true" cyclomaticComplexity="1" nPathComplexity="0" sequenceCoverage="100" branchCoverage="100" isConstructor="false" isStatic="false" isGetter="false" isSetter="false">
              <Summary numSequencePoints="19" visitedSequencePoints="19" numBranchPoints="1" visitedBranchPoints="1" sequenceCoverage="100" branchCoverage="100" maxCyclomaticComplexity="1" minCyclomaticComplexity="1" visitedClasses="0" numClasses="0" visitedMethods="1" numMethods="1" />
              <MetadataToken>100663320</MetadataToken>
              <Name>System.Void MutableTupleTests.MutableTupleTests::MTuple8EProperties()</Name>
              <FileRef uid="1" />
              <SequencePoints>
                <SequencePoint vc="1" uspid="198" ordinal="0" offset="0" sl="328" sc="9" el="328" ec="10" bec="0" bev="0" fileid="1" />
                <SequencePoint vc="1" uspid="199" ordinal="1" offset="1" sl="329" sc="13" el="329" ec="232" bec="0" bev="0" fileid="1" />
                <SequencePoint vc="1" uspid="200" ordinal="2" offset="50" sl="330" sc="13" el="330" ec="29" bec="0" bev="0" fileid="1" />
                <SequencePoint vc="1" uspid="201" ordinal="3" offset="58" sl="331" sc="13" el="331" ec="32" bec="0" bev="0" fileid="1" />
                <SequencePoint vc="1" uspid="202" ordinal="4" offset="74" sl="332" sc="13" el="332" ec="29" bec="0" bev="0" fileid="1" />
                <SequencePoint vc="1" uspid="203" ordinal="5" offset="86" sl="333" sc="13" el="333" ec="40" bec="0" bev="0" fileid="1" />
                <SequencePoint vc="1" uspid="204" ordinal="6" offset="104" sl="334" sc="13" el="334" ec="33" bec="0" bev="0" fileid="1" />
                <SequencePoint vc="1" uspid="205" ordinal="7" offset="116" sl="335" sc="13" el="335" ec="31" bec="0" bev="0" fileid="1" />
                <SequencePoint vc="1" uspid="206" ordinal="8" offset="128" sl="336" sc="13" el="336" ec="33" bec="0" bev="0" fileid="1" />
                <SequencePoint vc="1" uspid="207" ordinal="9" offset="136" sl="337" sc="13" el="337" ec="35" bec="0" bev="0" fileid="1" />
                <SequencePoint vc="1" uspid="208" ordinal="10" offset="150" sl="338" sc="13" el="338" ec="45" bec="0" bev="0" fileid="1" />
                <SequencePoint vc="1" uspid="209" ordinal="11" offset="173" sl="339" sc="13" el="339" ec="48" bec="0" bev="0" fileid="1" />
                <SequencePoint vc="1" uspid="210" ordinal="12" offset="204" sl="340" sc="13" el="340" ec="45" bec="0" bev="0" fileid="1" />
                <SequencePoint vc="1" uspid="211" ordinal="13" offset="227" sl="341" sc="13" el="341" ec="47" bec="0" bev="0" fileid="1" />
                <SequencePoint vc="1" uspid="212" ordinal="14" offset="258" sl="342" sc="13" el="342" ec="49" bec="0" bev="0" fileid="1" />
                <SequencePoint vc="1" uspid="213" ordinal="15" offset="275" sl="343" sc="13" el="343" ec="47" bec="0" bev="0" fileid="1" />
                <SequencePoint vc="1" uspid="214" ordinal="16" offset="302" sl="344" sc="13" el="344" ec="49" bec="0" bev="0" fileid="1" />
                <SequencePoint vc="1" uspid="215" ordinal="17" offset="325" sl="345" sc="13" el="345" ec="51" bec="0" bev="0" fileid="1" />
                <SequencePoint vc="1" uspid="216" ordinal="18" offset="354" sl="346" sc="9" el="346" ec="10" bec="0" bev="0" fileid="1" />
              </SequencePoints>
              <BranchPoints />
              <MethodPoint xsi:type="SequencePoint" vc="1" uspid="198" ordinal="0" offset="0" sl="328" sc="9" el="328" ec="10" bec="0" bev="0" fileid="1" />
            </Method>
            <Method visited="true" cyclomaticComplexity="1" nPathComplexity="0" sequenceCoverage="100" branchCoverage="100" isConstructor="false" isStatic="false" isGetter="false" isSetter="false">
              <Summary numSequencePoints="7" visitedSequencePoints="7" numBranchPoints="1" visitedBranchPoints="1" sequenceCoverage="100" branchCoverage="100" maxCyclomaticComplexity="1" minCyclomaticComplexity="1" visitedClasses="0" numClasses="0" visitedMethods="1" numMethods="1" />
              <MetadataToken>100663321</MetadataToken>
              <Name>System.Void MutableTupleTests.MutableTupleTests::MTuple1Equals()</Name>
              <FileRef uid="1" />
              <SequencePoints>
                <SequencePoint vc="1" uspid="217" ordinal="0" offset="0" sl="357" sc="9" el="357" ec="10" bec="0" bev="0" fileid="1" />
                <SequencePoint vc="1" uspid="218" ordinal="1" offset="1" sl="359" sc="13" el="359" ec="54" bec="0" bev="0" fileid="1" />
                <SequencePoint vc="1" uspid="219" ordinal="2" offset="9" sl="360" sc="13" el="360" ec="54" bec="0" bev="0" fileid="1" />
                <SequencePoint vc="1" uspid="220" ordinal="3" offset="17" sl="361" sc="13" el="361" ec="59" bec="0" bev="0" fileid="1" />
                <SequencePoint vc="1" uspid="221" ordinal="4" offset="41" sl="363" sc="13" el="363" ec="42" bec="0" bev="0" fileid="1" />
                <SequencePoint vc="1" uspid="222" ordinal="5" offset="49" sl="364" sc="13" el="364" ec="58" bec="0" bev="0" fileid="1" />
                <SequencePoint vc="1" uspid="223" ordinal="6" offset="73" sl="365" sc="9" el="365" ec="10" bec="0" bev="0" fileid="1" />
              </SequencePoints>
              <BranchPoints />
              <MethodPoint xsi:type="SequencePoint" vc="1" uspid="217" ordinal="0" offset="0" sl="357" sc="9" el="357" ec="10" bec="0" bev="0" fileid="1" />
            </Method>
            <Method visited="true" cyclomaticComplexity="1" nPathComplexity="0" sequenceCoverage="100" branchCoverage="100" isConstructor="false" isStatic="false" isGetter="false" isSetter="false">
              <Summary numSequencePoints="7" visitedSequencePoints="7" numBranchPoints="1" visitedBranchPoints="1" sequenceCoverage="100" branchCoverage="100" maxCyclomaticComplexity="1" minCyclomaticComplexity="1" visitedClasses="0" numClasses="0" visitedMethods="1" numMethods="1" />
              <MetadataToken>100663322</MetadataToken>
              <Name>System.Void MutableTupleTests.MutableTupleTests::MTuple2Equals()</Name>
              <FileRef uid="1" />
              <SequencePoints>
                <SequencePoint vc="1" uspid="224" ordinal="0" offset="0" sl="370" sc="9" el="370" ec="10" bec="0" bev="0" fileid="1" />
                <SequencePoint vc="1" uspid="225" ordinal="1" offset="1" sl="371" sc="13" el="371" ec="85" bec="0" bev="0" fileid="1" />
                <SequencePoint vc="1" uspid="226" ordinal="2" offset="17" sl="372" sc="13" el="372" ec="87" bec="0" bev="0" fileid="1" />
                <SequencePoint vc="1" uspid="227" ordinal="3" offset="33" sl="373" sc="13" el="373" ec="59" bec="0" bev="0" fileid="1" />
                <SequencePoint vc="1" uspid="228" ordinal="4" offset="57" sl="375" sc="13" el="375" ec="64" bec="0" bev="0" fileid="1" />
                <SequencePoint vc="1" uspid="229" ordinal="5" offset="73" sl="376" sc="13" el="376" ec="58" bec="0" bev="0" fileid="1" />
                <SequencePoint vc="1" uspid="230" ordinal="6" offset="97" sl="377" sc="9" el="377" ec="10" bec="0" bev="0" fileid="1" />
              </SequencePoints>
              <BranchPoints />
              <MethodPoint xsi:type="SequencePoint" vc="1" uspid="224" ordinal="0" offset="0" sl="370" sc="9" el="370" ec="10" bec="0" bev="0" fileid="1" />
            </Method>
            <Method visited="true" cyclomaticComplexity="1" nPathComplexity="0" sequenceCoverage="100" branchCoverage="100" isConstructor="false" isStatic="false" isGetter="false" isSetter="false">
              <Summary numSequencePoints="7" visitedSequencePoints="7" numBranchPoints="1" visitedBranchPoints="1" sequenceCoverage="100" branchCoverage="100" maxCyclomaticComplexity="1" minCyclomaticComplexity="1" visitedClasses="0" numClasses="0" visitedMethods="1" numMethods="1" />
              <MetadataToken>100663323</MetadataToken>
              <Name>System.Void MutableTupleTests.MutableTupleTests::MTuple3Equals()</Name>
              <FileRef uid="1" />
              <SequencePoints>
                <SequencePoint vc="1" uspid="231" ordinal="0" offset="0" sl="382" sc="9" el="382" ec="10" bec="0" bev="0" fileid="1" />
                <SequencePoint vc="1" uspid="232" ordinal="1" offset="1" sl="383" sc="13" el="383" ec="111" bec="0" bev="0" fileid="1" />
                <SequencePoint vc="1" uspid="233" ordinal="2" offset="39" sl="384" sc="13" el="384" ec="113" bec="0" bev="0" fileid="1" />
                <SequencePoint vc="1" uspid="234" ordinal="3" offset="76" sl="385" sc="13" el="385" ec="59" bec="0" bev="0" fileid="1" />
                <SequencePoint vc="1" uspid="235" ordinal="4" offset="100" sl="387" sc="13" el="387" ec="77" bec="0" bev="0" fileid="1" />
                <SequencePoint vc="1" uspid="236" ordinal="5" offset="138" sl="388" sc="13" el="388" ec="58" bec="0" bev="0" fileid="1" />
                <SequencePoint vc="1" uspid="237" ordinal="6" offset="162" sl="389" sc="9" el="389" ec="10" bec="0" bev="0" fileid="1" />
              </SequencePoints>
              <BranchPoints />
              <MethodPoint xsi:type="SequencePoint" vc="1" uspid="231" ordinal="0" offset="0" sl="382" sc="9" el="382" ec="10" bec="0" bev="0" fileid="1" />
            </Method>
            <Method visited="true" cyclomaticComplexity="1" nPathComplexity="0" sequenceCoverage="100" branchCoverage="100" isConstructor="false" isStatic="false" isGetter="false" isSetter="false">
              <Summary numSequencePoints="7" visitedSequencePoints="7" numBranchPoints="1" visitedBranchPoints="1" sequenceCoverage="100" branchCoverage="100" maxCyclomaticComplexity="1" minCyclomaticComplexity="1" visitedClasses="0" numClasses="0" visitedMethods="1" numMethods="1" />
              <MetadataToken>100663324</MetadataToken>
              <Name>System.Void MutableTupleTests.MutableTupleTests::MTuple4Equals()</Name>
              <FileRef uid="1" />
              <SequencePoints>
                <SequencePoint vc="1" uspid="238" ordinal="0" offset="0" sl="394" sc="9" el="394" ec="10" bec="0" bev="0" fileid="1" />
                <SequencePoint vc="1" uspid="239" ordinal="1" offset="1" sl="395" sc="13" el="395" ec="105" bec="0" bev="0" fileid="1" />
                <SequencePoint vc="1" uspid="240" ordinal="2" offset="20" sl="396" sc="13" el="396" ec="104" bec="0" bev="0" fileid="1" />
                <SequencePoint vc="1" uspid="241" ordinal="3" offset="33" sl="397" sc="13" el="397" ec="59" bec="0" bev="0" fileid="1" />
                <SequencePoint vc="1" uspid="242" ordinal="4" offset="57" sl="399" sc="13" el="399" ec="74" bec="0" bev="0" fileid="1" />
                <SequencePoint vc="1" uspid="243" ordinal="5" offset="76" sl="400" sc="13" el="400" ec="58" bec="0" bev="0" fileid="1" />
                <SequencePoint vc="1" uspid="244" ordinal="6" offset="100" sl="401" sc="9" el="401" ec="10" bec="0" bev="0" fileid="1" />
              </SequencePoints>
              <BranchPoints />
              <MethodPoint xsi:type="SequencePoint" vc="1" uspid="238" ordinal="0" offset="0" sl="394" sc="9" el="394" ec="10" bec="0" bev="0" fileid="1" />
            </Method>
            <Method visited="true" cyclomaticComplexity="1" nPathComplexity="0" sequenceCoverage="100" branchCoverage="100" isConstructor="false" isStatic="false" isGetter="false" isSetter="false">
              <Summary numSequencePoints="7" visitedSequencePoints="7" numBranchPoints="1" visitedBranchPoints="1" sequenceCoverage="100" branchCoverage="100" maxCyclomaticComplexity="1" minCyclomaticComplexity="1" visitedClasses="0" numClasses="0" visitedMethods="1" numMethods="1" />
              <MetadataToken>100663325</MetadataToken>
              <Name>System.Void MutableTupleTests.MutableTupleTests::MTuple5Equals()</Name>
              <FileRef uid="1" />
              <SequencePoints>
                <SequencePoint vc="1" uspid="245" ordinal="0" offset="0" sl="406" sc="9" el="406" ec="10" bec="0" bev="0" fileid="1" />
                <SequencePoint vc="1" uspid="246" ordinal="1" offset="1" sl="407" sc="13" el="407" ec="135" bec="0" bev="0" fileid="1" />
                <SequencePoint vc="1" uspid="247" ordinal="2" offset="25" sl="408" sc="13" el="408" ec="130" bec="0" bev="0" fileid="1" />
                <SequencePoint vc="1" uspid="248" ordinal="3" offset="40" sl="409" sc="13" el="409" ec="59" bec="0" bev="0" fileid="1" />
                <SequencePoint vc="1" uspid="249" ordinal="4" offset="64" sl="411" sc="13" el="411" ec="93" bec="0" bev="0" fileid="1" />
                <SequencePoint vc="1" uspid="250" ordinal="5" offset="88" sl="412" sc="13" el="412" ec="58" bec="0" bev="0" fileid="1" />
                <SequencePoint vc="1" uspid="251" ordinal="6" offset="112" sl="413" sc="9" el="413" ec="10" bec="0" bev="0" fileid="1" />
              </SequencePoints>
              <BranchPoints />
              <MethodPoint xsi:type="SequencePoint" vc="1" uspid="245" ordinal="0" offset="0" sl="406" sc="9" el="406" ec="10" bec="0" bev="0" fileid="1" />
            </Method>
            <Method visited="true" cyclomaticComplexity="1" nPathComplexity="0" sequenceCoverage="100" branchCoverage="100" isConstructor="false" isStatic="false" isGetter="false" isSetter="false">
              <Summary numSequencePoints="7" visitedSequencePoints="7" numBranchPoints="1" visitedBranchPoints="1" sequenceCoverage="100" branchCoverage="100" maxCyclomaticComplexity="1" minCyclomaticComplexity="1" visitedClasses="0" numClasses="0" visitedMethods="1" numMethods="1" />
              <MetadataToken>100663326</MetadataToken>
              <Name>System.Void MutableTupleTests.MutableTupleTests::MTuple6Equals()</Name>
              <FileRef uid="1" />
              <SequencePoints>
                <SequencePoint vc="1" uspid="252" ordinal="0" offset="0" sl="418" sc="9" el="418" ec="10" bec="0" bev="0" fileid="1" />
                <SequencePoint vc="1" uspid="253" ordinal="1" offset="1" sl="419" sc="13" el="419" ec="144" bec="0" bev="0" fileid="1" />
                <SequencePoint vc="1" uspid="254" ordinal="2" offset="36" sl="420" sc="13" el="420" ec="139" bec="0" bev="0" fileid="1" />
                <SequencePoint vc="1" uspid="255" ordinal="3" offset="62" sl="421" sc="13" el="421" ec="59" bec="0" bev="0" fileid="1" />
                <SequencePoint vc="1" uspid="256" ordinal="4" offset="86" sl="423" sc="13" el="423" ec="101" bec="0" bev="0" fileid="1" />
                <SequencePoint vc="1" uspid="257" ordinal="5" offset="121" sl="424" sc="13" el="424" ec="58" bec="0" bev="0" fileid="1" />
                <SequencePoint vc="1" uspid="258" ordinal="6" offset="145" sl="425" sc="9" el="425" ec="10" bec="0" bev="0" fileid="1" />
              </SequencePoints>
              <BranchPoints />
              <MethodPoint xsi:type="SequencePoint" vc="1" uspid="252" ordinal="0" offset="0" sl="418" sc="9" el="418" ec="10" bec="0" bev="0" fileid="1" />
            </Method>
            <Method visited="true" cyclomaticComplexity="1" nPathComplexity="0" sequenceCoverage="100" branchCoverage="100" isConstructor="false" isStatic="false" isGetter="false" isSetter="false">
              <Summary numSequencePoints="7" visitedSequencePoints="7" numBranchPoints="1" visitedBranchPoints="1" sequenceCoverage="100" branchCoverage="100" maxCyclomaticComplexity="1" minCyclomaticComplexity="1" visitedClasses="0" numClasses="0" visitedMethods="1" numMethods="1" />
              <MetadataToken>100663327</MetadataToken>
              <Name>System.Void MutableTupleTests.MutableTupleTests::MTuple7Equals()</Name>
              <FileRef uid="1" />
              <SequencePoints>
                <SequencePoint vc="1" uspid="259" ordinal="0" offset="0" sl="430" sc="9" el="430" ec="10" bec="0" bev="0" fileid="1" />
                <SequencePoint vc="1" uspid="260" ordinal="1" offset="1" sl="431" sc="13" el="431" ec="164" bec="0" bev="0" fileid="1" />
                <SequencePoint vc="1" uspid="261" ordinal="2" offset="35" sl="432" sc="13" el="432" ec="159" bec="0" bev="0" fileid="1" />
                <SequencePoint vc="1" uspid="262" ordinal="3" offset="60" sl="433" sc="13" el="433" ec="59" bec="0" bev="0" fileid="1" />
                <SequencePoint vc="1" uspid="263" ordinal="4" offset="84" sl="435" sc="13" el="435" ec="115" bec="0" bev="0" fileid="1" />
                <SequencePoint vc="1" uspid="264" ordinal="5" offset="118" sl="436" sc="13" el="436" ec="58" bec="0" bev="0" fileid="1" />
                <SequencePoint vc="1" uspid="265" ordinal="6" offset="142" sl="437" sc="9" el="437" ec="10" bec="0" bev="0" fileid="1" />
              </SequencePoints>
              <BranchPoints />
              <MethodPoint xsi:type="SequencePoint" vc="1" uspid="259" ordinal="0" offset="0" sl="430" sc="9" el="430" ec="10" bec="0" bev="0" fileid="1" />
            </Method>
            <Method visited="true" cyclomaticComplexity="1" nPathComplexity="0" sequenceCoverage="100" branchCoverage="100" isConstructor="false" isStatic="false" isGetter="false" isSetter="false">
              <Summary numSequencePoints="7" visitedSequencePoints="7" numBranchPoints="1" visitedBranchPoints="1" sequenceCoverage="100" branchCoverage="100" maxCyclomaticComplexity="1" minCyclomaticComplexity="1" visitedClasses="0" numClasses="0" visitedMethods="1" numMethods="1" />
              <MetadataToken>100663328</MetadataToken>
              <Name>System.Void MutableTupleTests.MutableTupleTests::MTuple8Equals()</Name>
              <FileRef uid="1" />
              <SequencePoints>
                <SequencePoint vc="1" uspid="266" ordinal="0" offset="0" sl="442" sc="9" el="442" ec="10" bec="0" bev="0" fileid="1" />
                <SequencePoint vc="1" uspid="267" ordinal="1" offset="1" sl="443" sc="13" el="443" ec="243" bec="0" bev="0" fileid="1" />
                <SequencePoint vc="1" uspid="268" ordinal="2" offset="41" sl="444" sc="13" el="444" ec="238" bec="0" bev="0" fileid="1" />
                <SequencePoint vc="1" uspid="269" ordinal="3" offset="72" sl="445" sc="13" el="445" ec="59" bec="0" bev="0" fileid="1" />
                <SequencePoint vc="1" uspid="270" ordinal="4" offset="96" sl="447" sc="13" el="447" ec="165" bec="0" bev="0" fileid="1" />
                <SequencePoint vc="1" uspid="271" ordinal="5" offset="136" sl="448" sc="13" el="448" ec="58" bec="0" bev="0" fileid="1" />
                <SequencePoint vc="1" uspid="272" ordinal="6" offset="160" sl="450" sc="9" el="450" ec="10" bec="0" bev="0" fileid="1" />
              </SequencePoints>
              <BranchPoints />
              <MethodPoint xsi:type="SequencePoint" vc="1" uspid="266" ordinal="0" offset="0" sl="442" sc="9" el="442" ec="10" bec="0" bev="0" fileid="1" />
            </Method>
            <Method visited="true" cyclomaticComplexity="1" nPathComplexity="0" sequenceCoverage="100" branchCoverage="100" isConstructor="false" isStatic="false" isGetter="false" isSetter="false">
              <Summary numSequencePoints="7" visitedSequencePoints="7" numBranchPoints="1" visitedBranchPoints="1" sequenceCoverage="100" branchCoverage="100" maxCyclomaticComplexity="1" minCyclomaticComplexity="1" visitedClasses="0" numClasses="0" visitedMethods="1" numMethods="1" />
              <MetadataToken>100663329</MetadataToken>
              <Name>System.Void MutableTupleTests.MutableTupleTests::MTuple1CompareTo()</Name>
              <FileRef uid="1" />
              <SequencePoints>
                <SequencePoint vc="1" uspid="273" ordinal="0" offset="0" sl="461" sc="9" el="461" ec="10" bec="0" bev="0" fileid="1" />
                <SequencePoint vc="1" uspid="274" ordinal="1" offset="1" sl="462" sc="13" el="462" ec="62" bec="0" bev="0" fileid="1" />
                <SequencePoint vc="1" uspid="275" ordinal="2" offset="7" sl="463" sc="13" el="463" ec="42" bec="0" bev="0" fileid="1" />
                <SequencePoint vc="1" uspid="276" ordinal="3" offset="20" sl="464" sc="13" el="464" ec="42" bec="0" bev="0" fileid="1" />
                <SequencePoint vc="1" uspid="277" ordinal="4" offset="33" sl="465" sc="13" el="465" ec="25" bec="0" bev="0" fileid="1" />
                <SequencePoint vc="1" uspid="278" ordinal="5" offset="40" sl="466" sc="13" el="466" ec="47" bec="0" bev="0" fileid="1" />
[...]
              <MetadataToken>100663334</MetadataToken>
              <Name>System.Void MutableTupleTests.MutableTupleTests::MTuple6CompareTo()</Name>
              <FileRef uid="1" />
              <SequencePoints>
                <SequencePoint vc="1" uspid="320" ordinal="0" offset="0" sl="528" sc="9" el="528" ec="10" bec="0" bev="0" fileid="1" />
                <SequencePoint vc="1" uspid="321" ordinal="1" offset="1" sl="529" sc="13" el="529" ec="124" bec="0" bev="0" fileid="1" />
                <SequencePoint vc="1" uspid="322" ordinal="2" offset="7" sl="530" sc="13" el="530" ec="92" bec="0" bev="0" fileid="1" />
                <SequencePoint vc="1" uspid="323" ordinal="3" offset="31" sl="531" sc="13" el="531" ec="92" bec="0" bev="0" fileid="1" />
                <SequencePoint vc="1" uspid="324" ordinal="4" offset="56" sl="532" sc="13" el="532" ec="92" bec="0" bev="0" fileid="1" />
                <SequencePoint vc="1" uspid="325" ordinal="5" offset="78" sl="533" sc="13" el="533" ec="25" bec="0" bev="0" fileid="1" />
                <SequencePoint vc="1" uspid="326" ordinal="6" offset="85" sl="534" sc="13" el="534" ec="47" bec="0" bev="0" fileid="1" />
                <SequencePoint vc="1" uspid="327" ordinal="7" offset="114" sl="535" sc="13" el="535" ec="47" bec="0" bev="0" fileid="1" />
                <SequencePoint vc="1" uspid="328" ordinal="8" offset="143" sl="536" sc="13" el="536" ec="47" bec="0" bev="0" fileid="1" />
                <SequencePoint vc="1" uspid="329" ordinal="9" offset="172" sl="537" sc="9" el="537" ec="10" bec="0" bev="0" fileid="1" />
              </SequencePoints>
              <BranchPoints />
              <MethodPoint xsi:type="SequencePoint" vc="1" uspid="320" ordinal="0" offset="0" sl="528" sc="9" el="528" ec="10" bec="0" bev="0" fileid="1" />
            </Method>
            <Method visited="true" cyclomaticComplexity="1" nPathComplexity="0" sequenceCoverage="100" branchCoverage="100" isConstructor="false" isStatic="false" isGetter="false" isSetter="false">
              <Summary numSequencePoints="10" visitedSequencePoints="10" numBranchPoints="1" visitedBranchPoints="1" sequenceCoverage="100" branchCoverage="100" maxCyclomaticComplexity="1" minCyclomaticComplexity="1" visitedClasses="0" numClasses="0" visitedMethods="1" numMethods="1" />
              <MetadataToken>100663335</MetadataToken>
              <Name>System.Void MutableTupleTests.MutableTupleTests::MTuple7CompareTo()</Name>
              <FileRef uid="1" />
              <SequencePoints>
                <SequencePoint vc="1" uspid="330" ordinal="0" offset="0" sl="542" sc="9" el="542" ec="10" bec="0" bev="0" fileid="1" />
                <SequencePoint vc="1" uspid="331" ordinal="1" offset="1" sl="543" sc="13" el="543" ec="142" bec="0" bev="0" fileid="1" />
                <SequencePoint vc="1" uspid="332" ordinal="2" offset="7" sl="544" sc="13" el="544" ec="107" bec="0" bev="0" fileid="1" />
                <SequencePoint vc="1" uspid="333" ordinal="3" offset="42" sl="545" sc="13" el="545" ec="107" bec="0" bev="0" fileid="1" />
                <SequencePoint vc="1" uspid="334" ordinal="4" offset="78" sl="546" sc="13" el="546" ec="107" bec="0" bev="0" fileid="1" />
                <SequencePoint vc="1" uspid="335" ordinal="5" offset="111" sl="547" sc="13" el="547" ec="25" bec="0" bev="0" fileid="1" />
                <SequencePoint vc="1" uspid="336" ordinal="6" offset="118" sl="548" sc="13" el="548" ec="47" bec="0" bev="0" fileid="1" />
                <SequencePoint vc="1" uspid="337" ordinal="7" offset="147" sl="549" sc="13" el="549" ec="47" bec="0" bev="0" fileid="1" />
                <SequencePoint vc="1" uspid="338" ordinal="8" offset="176" sl="550" sc="13" el="550" ec="47" bec="0" bev="0" fileid="1" />
                <SequencePoint vc="1" uspid="339" ordinal="9" offset="205" sl="551" sc="9" el="551" ec="10" bec="0" bev="0" fileid="1" />
              </SequencePoints>
              <BranchPoints />
              <MethodPoint xsi:type="SequencePoint" vc="1" uspid="330" ordinal="0" offset="0" sl="542" sc="9" el="542" ec="10" bec="0" bev="0" fileid="1" />
            </Method>
            <Method visited="true" cyclomaticComplexity="1" nPathComplexity="0" sequenceCoverage="100" branchCoverage="100" isConstructor="false" isStatic="false" isGetter="false" isSetter="false">
              <Summary numSequencePoints="10" visitedSequencePoints="10" numBranchPoints="1" visitedBranchPoints="1" sequenceCoverage="100" branchCoverage="100" maxCyclomaticComplexity="1" minCyclomaticComplexity="1" visitedClasses="0" numClasses="0" visitedMethods="1" numMethods="1" />
              <MetadataToken>100663336</MetadataToken>
              <Name>System.Void MutableTupleTests.MutableTupleTests::MTuple8CompareTo()</Name>
              <FileRef uid="1" />
              <SequencePoints>
                <SequencePoint vc="1" uspid="340" ordinal="0" offset="0" sl="556" sc="9" el="556" ec="10" bec="0" bev="0" fileid="1" />
                <SequencePoint vc="1" uspid="341" ordinal="1" offset="1" sl="557" sc="13" el="557" ec="168" bec="0" bev="0" fileid="1" />
                <SequencePoint vc="1" uspid="342" ordinal="2" offset="7" sl="558" sc="13" el="558" ec="141" bec="0" bev="0" fileid="1" />
                <SequencePoint vc="1" uspid="343" ordinal="3" offset="48" sl="559" sc="13" el="559" ec="141" bec="0" bev="0" fileid="1" />
                <SequencePoint vc="1" uspid="344" ordinal="4" offset="91" sl="560" sc="13" el="560" ec="141" bec="0" bev="0" fileid="1" />
                <SequencePoint vc="1" uspid="345" ordinal="5" offset="131" sl="561" sc="13" el="561" ec="25" bec="0" bev="0" fileid="1" />
                <SequencePoint vc="1" uspid="346" ordinal="6" offset="138" sl="562" sc="13" el="562" ec="47" bec="0" bev="0" fileid="1" />
                <SequencePoint vc="1" uspid="347" ordinal="7" offset="167" sl="563" sc="13" el="563" ec="47" bec="0" bev="0" fileid="1" />
                <SequencePoint vc="1" uspid="348" ordinal="8" offset="196" sl="564" sc="13" el="564" ec="47" bec="0" bev="0" fileid="1" />
                <SequencePoint vc="1" uspid="349" ordinal="9" offset="225" sl="565" sc="9" el="565" ec="10" bec="0" bev="0" fileid="1" />
              </SequencePoints>
              <BranchPoints />
              <MethodPoint xsi:type="SequencePoint" vc="1" uspid="340" ordinal="0" offset="0" sl="556" sc="9" el="556" ec="10" bec="0" bev="0" fileid="1" />
            </Method>
            <Method visited="true" cyclomaticComplexity="1" nPathComplexity="0" sequenceCoverage="100" branchCoverage="100" isConstructor="false" isStatic="false" isGetter="false" isSetter="false">
              <Summary numSequencePoints="4" visitedSequencePoints="4" numBranchPoints="1" visitedBranchPoints="1" sequenceCoverage="100" branchCoverage="100" maxCyclomaticComplexity="1" minCyclomaticComplexity="1" visitedClasses="0" numClasses="0" visitedMethods="1" numMethods="1" />
              <MetadataToken>100663337</MetadataToken>
              <Name>System.Void MutableTupleTests.MutableTupleTests::MTuple1Size()</Name>
              <FileRef uid="1" />
              <SequencePoints>
                <SequencePoint vc="1" uspid="350" ordinal="0" offset="0" sl="574" sc="9" el="574" ec="10" bec="0" bev="0" fileid="1" />
                <SequencePoint vc="1" uspid="351" ordinal="1" offset="1" sl="577" sc="13" el="577" ec="51" bec="0" bev="0" fileid="1" />
                <SequencePoint vc="1" uspid="352" ordinal="2" offset="7" sl="579" sc="13" el="579" ec="54" bec="0" bev="0" fileid="1" />
                <SequencePoint vc="1" uspid="353" ordinal="3" offset="30" sl="580" sc="9" el="580" ec="10" bec="0" bev="0" fileid="1" />
              </SequencePoints>
              <BranchPoints />
              <MethodPoint xsi:type="SequencePoint" vc="1" uspid="350" ordinal="0" offset="0" sl="574" sc="9" el="574" ec="10" bec="0" bev="0" fileid="1" />
            </Method>
            <Method visited="true" cyclomaticComplexity="1" nPathComplexity="0" sequenceCoverage="100" branchCoverage="100" isConstructor="false" isStatic="false" isGetter="false" isSetter="false">
              <Summary numSequencePoints="4" visitedSequencePoints="4" numBranchPoints="1" visitedBranchPoints="1" sequenceCoverage="100" branchCoverage="100" maxCyclomaticComplexity="1" minCyclomaticComplexity="1" visitedClasses="0" numClasses="0" visitedMethods="1" numMethods="1" />
              <MetadataToken>100663338</MetadataToken>
              <Name>System.Void MutableTupleTests.MutableTupleTests::MTuple2Size()</Name>
              <FileRef uid="1" />
              <SequencePoints>
                <SequencePoint vc="1" uspid="354" ordinal="0" offset="0" sl="585" sc="9" el="585" ec="10" bec="0" bev="0" fileid="1" />
                <SequencePoint vc="1" uspid="355" ordinal="1" offset="1" sl="586" sc="13" el="586" ec="67" bec="0" bev="0" fileid="1" />
                <SequencePoint vc="1" uspid="356" ordinal="2" offset="7" sl="587" sc="13" el="587" ec="54" bec="0" bev="0" fileid="1" />
                <SequencePoint vc="1" uspid="357" ordinal="3" offset="30" sl="589" sc="9" el="589" ec="10" bec="0" bev="0" fileid="1" />
              </SequencePoints>
              <BranchPoints />
              <MethodPoint xsi:type="SequencePoint" vc="1" uspid="354" ordinal="0" offset="0" sl="585" sc="9" el="585" ec="10" bec="0" bev="0" fileid="1" />
            </Method>
            <Method visited="true" cyclomaticComplexity="1" nPathComplexity="0" sequenceCoverage="100" branchCoverage="100" isConstructor="false" isStatic="false" isGetter="false" isSetter="false">
              <Summary numSequencePoints="4" visitedSequencePoints="4" numBranchPoints="1" visitedBranchPoints="1" sequenceCoverage="100" branchCoverage="100" maxCyclomaticComplexity="1" minCyclomaticComplexity="1" visitedClasses="0" numClasses="0" visitedMethods="1" numMethods="1" />
              <MetadataToken>100663339</MetadataToken>
              <Name>System.Void MutableTupleTests.MutableTupleTests::MTuple3Size()</Name>
              <FileRef uid="1" />
              <SequencePoints>
                <SequencePoint vc="1" uspid="358" ordinal="0" offset="0" sl="594" sc="9" el="594" ec="10" bec="0" bev="0" fileid="1" />
                <SequencePoint vc="1" uspid="359" ordinal="1" offset="1" sl="595" sc="13" el="595" ec="81" bec="0" bev="0" fileid="1" />
                <SequencePoint vc="1" uspid="360" ordinal="2" offset="7" sl="596" sc="13" el="596" ec="54" bec="0" bev="0" fileid="1" />
                <SequencePoint vc="1" uspid="361" ordinal="3" offset="30" sl="598" sc="9" el="598" ec="10" bec="0" bev="0" fileid="1" />
              </SequencePoints>
              <BranchPoints />
              <MethodPoint xsi:type="SequencePoint" vc="1" uspid="358" ordinal="0" offset="0" sl="594" sc="9" el="594" ec="10" bec="0" bev="0" fileid="1" />
            </Method>
            <Method visited="true" cyclomaticComplexity="1" nPathComplexity="0" sequenceCoverage="100" branchCoverage="100" isConstructor="false" isStatic="false" isGetter="false" isSetter="false">
              <Summary numSequencePoints="4" visitedSequencePoints="4" numBranchPoints="1" visitedBranchPoints="1" sequenceCoverage="100" branchCoverage="100" maxCyclomaticComplexity="1" minCyclomaticComplexity="1" visitedClasses="0" numClasses="0" visitedMethods="1" numMethods="1" />
              <MetadataToken>100663340</MetadataToken>
              <Name>System.Void MutableTupleTests.MutableTupleTests::MTuple4Size()</Name>
              <FileRef uid="1" />
              <SequencePoints>
                <SequencePoint vc="1" uspid="362" ordinal="0" offset="0" sl="603" sc="9" el="603" ec="10" bec="0" bev="0" fileid="1" />
                <SequencePoint vc="1" uspid="363" ordinal="1" offset="1" sl="604" sc="13" el="604" ec="99" bec="0" bev="0" fileid="1" />
                <SequencePoint vc="1" uspid="364" ordinal="2" offset="7" sl="605" sc="13" el="605" ec="54" bec="0" bev="0" fileid="1" />
                <SequencePoint vc="1" uspid="365" ordinal="3" offset="30" sl="607" sc="9" el="607" ec="10" bec="0" bev="0" fileid="1" />
              </SequencePoints>
              <BranchPoints />
              <MethodPoint xsi:type="SequencePoint" vc="1" uspid="362" ordinal="0" offset="0" sl="603" sc="9" el="603" ec="10" bec="0" bev="0" fileid="1" />
            </Method>
            <Method visited="true" cyclomaticComplexity="1" nPathComplexity="0" sequenceCoverage="100" branchCoverage="100" isConstructor="false" isStatic="false" isGetter="false" isSetter="false">
              <Summary numSequencePoints="4" visitedSequencePoints="4" numBranchPoints="1" visitedBranchPoints="1" sequenceCoverage="100" branchCoverage="100" maxCyclomaticComplexity="1" minCyclomaticComplexity="1" visitedClasses="0" numClasses="0" visitedMethods="1" numMethods="1" />
              <MetadataToken>100663341</MetadataToken>
              <Name>System.Void MutableTupleTests.MutableTupleTests::MTuple5Size()</Name>
              <FileRef uid="1" />
              <SequencePoints>
                <SequencePoint vc="1" uspid="366" ordinal="0" offset="0" sl="612" sc="9" el="612" ec="10" bec="0" bev="0" fileid="1" />
                <SequencePoint vc="1" uspid="367" ordinal="1" offset="1" sl="613" sc="13" el="613" ec="115" bec="0" bev="0" fileid="1" />
                <SequencePoint vc="1" uspid="368" ordinal="2" offset="7" sl="614" sc="13" el="614" ec="54" bec="0" bev="0" fileid="1" />
                <SequencePoint vc="1" uspid="369" ordinal="3" offset="30" sl="616" sc="9" el="616" ec="10" bec="0" bev="0" fileid="1" />
              </SequencePoints>
              <BranchPoints />
              <MethodPoint xsi:type="SequencePoint" vc="1" uspid="366" ordinal="0" offset="0" sl="612" sc="9" el="612" ec="10" bec="0" bev="0" fileid="1" />
            </Method>
            <Method visited="true" cyclomaticComplexity="1" nPathComplexity="0" sequenceCoverage="100" branchCoverage="100" isConstructor="false" isStatic="false" isGetter="false" isSetter="false">
              <Summary numSequencePoints="4" visitedSequencePoints="4" numBranchPoints="1" visitedBranchPoints="1" sequenceCoverage="100" branchCoverage="100" maxCyclomaticComplexity="1" minCyclomaticComplexity="1" visitedClasses="0" numClasses="0" visitedMethods="1" numMethods="1" />
              <MetadataToken>100663342</MetadataToken>
              <Name>System.Void MutableTupleTests.MutableTupleTests::MTuple6Size()</Name>
              <FileRef uid="1" />
              <SequencePoints>
                <SequencePoint vc="1" uspid="370" ordinal="0" offset="0" sl="621" sc="9" el="621" ec="10" bec="0" bev="0" fileid="1" />
                <SequencePoint vc="1" uspid="371" ordinal="1" offset="1" sl="622" sc="13" el="622" ec="127" bec="0" bev="0" fileid="1" />
                <SequencePoint vc="1" uspid="372" ordinal="2" offset="7" sl="623" sc="13" el="623" ec="54" bec="0" bev="0" fileid="1" />
                <SequencePoint vc="1" uspid="373" ordinal="3" offset="30" sl="625" sc="9" el="625" ec="10" bec="0" bev="0" fileid="1" />
              </SequencePoints>
              <BranchPoints />
              <MethodPoint xsi:type="SequencePoint" vc="1" uspid="370" ordinal="0" offset="0" sl="621" sc="9" el="621" ec="10" bec="0" bev="0" fileid="1" />
            </Method>
            <Method visited="true" cyclomaticComplexity="1" nPathComplexity="0" sequenceCoverage="100" branchCoverage="100" isConstructor="false" isStatic="false" isGetter="false" isSetter="false">
              <Summary numSequencePoints="4" visitedSequencePoints="4" numBranchPoints="1" visitedBranchPoints="1" sequenceCoverage="100" branchCoverage="100" maxCyclomaticComplexity="1" minCyclomaticComplexity="1" visitedClasses="0" numClasses="0" visitedMethods="1" numMethods="1" />
              <MetadataToken>100663343</MetadataToken>
              <Name>System.Void MutableTupleTests.MutableTupleTests::MTuple7Size()</Name>
              <FileRef uid="1" />
              <SequencePoints>
                <SequencePoint vc="1" uspid="374" ordinal="0" offset="0" sl="630" sc="9" el="630" ec="10" bec="0" bev="0" fileid="1" />
                <SequencePoint vc="1" uspid="375" ordinal="1" offset="1" sl="631" sc="13" el="631" ec="139" bec="0" bev="0" fileid="1" />
                <SequencePoint vc="1" uspid="376" ordinal="2" offset="7" sl="632" sc="13" el="632" ec="54" bec="0" bev="0" fileid="1" />
                <SequencePoint vc="1" uspid="377" ordinal="3" offset="30" sl="634" sc="9" el="634" ec="10" bec="0" bev="0" fileid="1" />
              </SequencePoints>
              <BranchPoints />
              <MethodPoint xsi:type="SequencePoint" vc="1" uspid="374" ordinal="0" offset="0" sl="630" sc="9" el="630" ec="10" bec="0" bev="0" fileid="1" />
            </Method>
            <Method visited="true" cyclomaticComplexity="1" nPathComplexity="0" sequenceCoverage="100" branchCoverage="100" isConstructor="false" isStatic="false" isGetter="false" isSetter="false">
              <Summary numSequencePoints="4" visitedSequencePoints="4" numBranchPoints="1" visitedBranchPoints="1" sequenceCoverage="100" branchCoverage="100" maxCyclomaticComplexity="1" minCyclomaticComplexity="1" visitedClasses="0" numClasses="0" visitedMethods="1" numMethods="1" />
              <MetadataToken>100663344</MetadataToken>
              <Name>System.Void MutableTupleTests.MutableTupleTests::MTuple8Size()</Name>
              <FileRef uid="1" />
              <SequencePoints>
                <SequencePoint vc="1" uspid="378" ordinal="0" offset="0" sl="639" sc="9" el="639" ec="10" bec="0" bev="0" fileid="1" />
                <SequencePoint vc="1" uspid="379" ordinal="1" offset="1" sl="640" sc="13" el="640" ec="190" bec="0" bev="0" fileid="1" />
                <SequencePoint vc="1" uspid="380" ordinal="2" offset="23" sl="642" sc="13" el="642" ec="54" bec="0" bev="0" fileid="1" />
                <SequencePoint vc="1" uspid="381" ordinal="3" offset="46" sl="643" sc="9" el="643" ec="10" bec="0" bev="0" fileid="1" />
              </SequencePoints>
              <BranchPoints />
              <MethodPoint xsi:type="SequencePoint" vc="1" uspid="378" ordinal="0" offset="0" sl="639" sc="9" el="639" ec="10" bec="0" bev="0" fileid="1" />
            </Method>
            <Method visited="true" cyclomaticComplexity="1" nPathComplexity="0" sequenceCoverage="0" branchCoverage="0" isConstructor="true" isStatic="false" isGetter="false" isSetter="false">
              <Summary numSequencePoints="0" visitedSequencePoints="0" numBranchPoints="0" visitedBranchPoints="0" sequenceCoverage="0" branchCoverage="0" maxCyclomaticComplexity="1" minCyclomaticComplexity="1" visitedClasses="0" numClasses="0" visitedMethods="0" numMethods="0" />
              <MetadataToken>100663345</MetadataToken>
              <Name>System.Void MutableTupleTests.MutableTupleTests::.ctor()</Name>
              <SequencePoints />
              <BranchPoints />
              <MethodPoint vc="1" uspid="382" ordinal="0" offset="0" />
            </Method>
          </Methods>
        </Class>
      </Classes>
    </Module>
    <Module skippedDueTo="Filter" hash="21-E4-90-B5-42-20-26-BA-49-19-94-C3-CA-93-44-7B-60-08-D7-1C">
      <ModulePath>C:\WINDOWS\Microsoft.Net\assembly\GAC_MSIL\System.Xml\v4.0_4.0.0.0__b77a5c561934e089\System.Xml.dll</ModulePath>
      <ModuleTime>2017-08-19T06:36:26.0223527Z</ModuleTime>
      <ModuleName>System.Xml</ModuleName>
      <Classes />
    </Module>
    <Module skippedDueTo="Filter" hash="1B-C6-BA-EF-BF-65-5C-EF-C9-CE-B2-6A-F1-FC-62-89-BD-E9-A7-3A">
      <ModulePath>C:\SoftwareProjects\MutableTuple\MutableTupleTests\bin\Debug\MutableTuple.dll</ModulePath>
      <ModuleTime>2017-09-29T23:55:18.5284339Z</ModuleTime>
      <ModuleName>MutableTuple</ModuleName>
      <Classes />
    </Module>
  </Modules>
</CoverageSession>